INFO - 2024-08-05 16:01:47 --> Session: Class initialized using 'CodeIgniter\Session\Handlers\FileHandler' driver.
INFO - 2024-08-05 16:02:38 --> Session: Class initialized using 'CodeIgniter\Session\Handlers\FileHandler' driver.
INFO - 2024-08-05 16:02:38 --> Session: Class initialized using 'CodeIgniter\Session\Handlers\FileHandler' driver.
INFO - 2024-08-05 16:03:43 --> Session: Class initialized using 'CodeIgniter\Session\Handlers\FileHandler' driver.
INFO - 2024-08-05 16:04:12 --> Session: Class initialized using 'CodeIgniter\Session\Handlers\FileHandler' driver.
INFO - 2024-08-05 16:04:12 --> Session: Class initialized using 'CodeIgniter\Session\Handlers\FileHandler' driver.
INFO - 2024-08-05 16:07:50 --> Session: Class initialized using 'CodeIgniter\Session\Handlers\FileHandler' driver.
INFO - 2024-08-05 16:08:07 --> Session: Class initialized using 'CodeIgniter\Session\Handlers\FileHandler' driver.
INFO - 2024-08-05 16:08:58 --> Session: Class initialized using 'CodeIgniter\Session\Handlers\FileHandler' driver.
INFO - 2024-08-05 16:09:02 --> Session: Class initialized using 'CodeIgniter\Session\Handlers\FileHandler' driver.
CRITICAL - 2024-08-05 16:09:02 --> ErrorException: Undefined variable $laporan_barang
[Method: GET, Route: data-barang]
in APPPATH\Views\barang\layouts\main.php on line 112.
 1 APPPATH\Views\barang\layouts\main.php(112): CodeIgniter\Debug\Exceptions->errorHandler(2, 'Undefined variable $laporan_barang', 'C:\\xampp\\htdocs\\gudang\\app\\Views\\barang\\layouts\\main.php', 112)
 2 SYSTEMPATH\View\View.php(234): include('C:\\xampp\\htdocs\\gudang\\app\\Views\\barang\\layouts\\main.php')
 3 SYSTEMPATH\View\View.php(237): CodeIgniter\View\View->CodeIgniter\View\{closure}()
 4 SYSTEMPATH\Common.php(1171): CodeIgniter\View\View->render('barang/layouts/main', [], true)
 5 APPPATH\Controllers\BarangController.php(44): view('barang/layouts/main', [...])
 6 SYSTEMPATH\CodeIgniter.php(933): App\Controllers\BarangController->index()
 7 SYSTEMPATH\CodeIgniter.php(509): CodeIgniter\CodeIgniter->runController(Object(App\Controllers\BarangController))
 8 SYSTEMPATH\CodeIgniter.php(355): CodeIgniter\CodeIgniter->handleRequest(null, Object(Config\Cache), false)
 9 SYSTEMPATH\Boot.php(325): CodeIgniter\CodeIgniter->run()
10 SYSTEMPATH\Boot.php(67): CodeIgniter\Boot::runCodeIgniter(Object(CodeIgniter\CodeIgniter))
11 FCPATH\index.php(56): CodeIgniter\Boot::bootWeb(Object(Config\Paths))
12 SYSTEMPATH\rewrite.php(44): require_once('C:\\xampp\\htdocs\\gudang\\public\\index.php')
INFO - 2024-08-05 16:21:24 --> Session: Class initialized using 'CodeIgniter\Session\Handlers\FileHandler' driver.
INFO - 2024-08-05 16:21:49 --> Session: Class initialized using 'CodeIgniter\Session\Handlers\FileHandler' driver.
CRITICAL - 2024-08-05 16:32:30 --> ErrorException: Undefined variable $barang
[Method: GET, Route: data-barang]
in APPPATH\Views\barang\layouts\main.php on line 127.
 1 APPPATH\Views\barang\layouts\main.php(127): CodeIgniter\Debug\Exceptions->errorHandler(2, 'Undefined variable $barang', 'C:\\xampp\\htdocs\\gudang\\app\\Views\\barang\\layouts\\main.php', 127)
 2 SYSTEMPATH\View\View.php(234): include('C:\\xampp\\htdocs\\gudang\\app\\Views\\barang\\layouts\\main.php')
 3 SYSTEMPATH\View\View.php(237): CodeIgniter\View\View->CodeIgniter\View\{closure}()
 4 SYSTEMPATH\Common.php(1171): CodeIgniter\View\View->render('barang/layouts/main', [], true)
 5 APPPATH\Controllers\BarangController.php(44): view('barang/layouts/main', [...])
 6 SYSTEMPATH\CodeIgniter.php(933): App\Controllers\BarangController->index()
 7 SYSTEMPATH\CodeIgniter.php(509): CodeIgniter\CodeIgniter->runController(Object(App\Controllers\BarangController))
 8 SYSTEMPATH\CodeIgniter.php(355): CodeIgniter\CodeIgniter->handleRequest(null, Object(Config\Cache), false)
 9 SYSTEMPATH\Boot.php(325): CodeIgniter\CodeIgniter->run()
10 SYSTEMPATH\Boot.php(67): CodeIgniter\Boot::runCodeIgniter(Object(CodeIgniter\CodeIgniter))
11 FCPATH\index.php(56): CodeIgniter\Boot::bootWeb(Object(Config\Paths))
12 SYSTEMPATH\rewrite.php(44): require_once('C:\\xampp\\htdocs\\gudang\\public\\index.php')
INFO - 2024-08-05 16:40:29 --> Session: Class initialized using 'CodeIgniter\Session\Handlers\FileHandler' driver.
CRITICAL - 2024-08-05 16:40:29 --> ErrorException: Undefined variable $nextKode
[Method: GET, Route: data-barang/edit/1]
in APPPATH\Views\barang\components\action\edit.php on line 57.
 1 APPPATH\Views\barang\components\action\edit.php(57): CodeIgniter\Debug\Exceptions->errorHandler(2, 'Undefined variable $nextKode', 'C:\\xampp\\htdocs\\gudang\\app\\Views\\barang\\components\\action\\edit.php', 57)
 2 SYSTEMPATH\View\View.php(234): include('C:\\xampp\\htdocs\\gudang\\app\\Views\\barang\\components\\action\\edit.php')
 3 SYSTEMPATH\View\View.php(237): CodeIgniter\View\View->CodeIgniter\View\{closure}()
 4 SYSTEMPATH\Common.php(1171): CodeIgniter\View\View->render('barang/components/action/edit', [], true)
 5 APPPATH\Controllers\BarangController.php(118): view('barang/components/action/edit', [...])
 6 SYSTEMPATH\CodeIgniter.php(933): App\Controllers\BarangController->edit('1')
 7 SYSTEMPATH\CodeIgniter.php(509): CodeIgniter\CodeIgniter->runController(Object(App\Controllers\BarangController))
 8 SYSTEMPATH\CodeIgniter.php(355): CodeIgniter\CodeIgniter->handleRequest(null, Object(Config\Cache), false)
 9 SYSTEMPATH\Boot.php(325): CodeIgniter\CodeIgniter->run()
10 SYSTEMPATH\Boot.php(67): CodeIgniter\Boot::runCodeIgniter(Object(CodeIgniter\CodeIgniter))
11 FCPATH\index.php(56): CodeIgniter\Boot::bootWeb(Object(Config\Paths))
12 SYSTEMPATH\rewrite.php(44): require_once('C:\\xampp\\htdocs\\gudang\\public\\index.php')
INFO - 2024-08-05 16:41:00 --> Session: Class initialized using 'CodeIgniter\Session\Handlers\FileHandler' driver.
INFO - 2024-08-05 16:42:54 --> Session: Class initialized using 'CodeIgniter\Session\Handlers\FileHandler' driver.
INFO - 2024-08-05 16:45:13 --> Session: Class initialized using 'CodeIgniter\Session\Handlers\FileHandler' driver.
INFO - 2024-08-05 16:45:30 --> Session: Class initialized using 'CodeIgniter\Session\Handlers\FileHandler' driver.
INFO - 2024-08-05 16:46:26 --> Session: Class initialized using 'CodeIgniter\Session\Handlers\FileHandler' driver.
INFO - 2024-08-05 16:48:00 --> Session: Class initialized using 'CodeIgniter\Session\Handlers\FileHandler' driver.
INFO - 2024-08-05 16:48:27 --> Session: Class initialized using 'CodeIgniter\Session\Handlers\FileHandler' driver.
INFO - 2024-08-05 16:48:34 --> Session: Class initialized using 'CodeIgniter\Session\Handlers\FileHandler' driver.
INFO - 2024-08-05 16:49:19 --> Session: Class initialized using 'CodeIgniter\Session\Handlers\FileHandler' driver.
CRITICAL - 2024-08-05 16:49:37 --> CodeIgniter\HTTP\Exceptions\BadRequestException: The URI you submitted has disallowed characters: "1')"
[Method: POST, Route: data-barang/update/1%27%29]
in SYSTEMPATH\Router\Router.php on line 737.
 1 SYSTEMPATH\Router\Router.php(204): CodeIgniter\Router\Router->checkDisallowedChars('data-barang/update/1\')')
 2 SYSTEMPATH\CodeIgniter.php(834): CodeIgniter\Router\Router->handle('data-barang/update/1\')')
 3 SYSTEMPATH\CodeIgniter.php(457): CodeIgniter\CodeIgniter->tryToRouteIt(Object(CodeIgniter\Router\RouteCollection))
 4 SYSTEMPATH\CodeIgniter.php(355): CodeIgniter\CodeIgniter->handleRequest(null, Object(Config\Cache), false)
 5 SYSTEMPATH\Boot.php(325): CodeIgniter\CodeIgniter->run()
 6 SYSTEMPATH\Boot.php(67): CodeIgniter\Boot::runCodeIgniter(Object(CodeIgniter\CodeIgniter))
 7 FCPATH\index.php(56): CodeIgniter\Boot::bootWeb(Object(Config\Paths))
 8 SYSTEMPATH\rewrite.php(44): require_once('C:\\xampp\\htdocs\\gudang\\public\\index.php')
INFO - 2024-08-05 16:51:17 --> Session: Class initialized using 'CodeIgniter\Session\Handlers\FileHandler' driver.
INFO - 2024-08-05 16:52:27 --> Session: Class initialized using 'CodeIgniter\Session\Handlers\FileHandler' driver.
INFO - 2024-08-05 16:52:46 --> Session: Class initialized using 'CodeIgniter\Session\Handlers\FileHandler' driver.
CRITICAL - 2024-08-05 16:54:10 --> ErrorException: Undefined array key "stok"
[Method: GET, Route: transaksi-barang-masuk/create]
in APPPATH\Views\transaksi_barang_masuk\create.php on line 9.
 1 APPPATH\Views\transaksi_barang_masuk\create.php(9): CodeIgniter\Debug\Exceptions->errorHandler(2, 'Undefined array key "stok"', 'C:\\xampp\\htdocs\\gudang\\app\\Views\\transaksi_barang_masuk\\create.php', 9)
 2 SYSTEMPATH\View\View.php(234): include('C:\\xampp\\htdocs\\gudang\\app\\Views\\transaksi_barang_masuk\\create.php')
 3 SYSTEMPATH\View\View.php(237): CodeIgniter\View\View->CodeIgniter\View\{closure}()
 4 SYSTEMPATH\Common.php(1171): CodeIgniter\View\View->render('transaksi_barang_masuk/create', [], true)
 5 APPPATH\Controllers\TransaksiBarangMasuk.php(36): view('transaksi_barang_masuk/create', [...])
 6 SYSTEMPATH\CodeIgniter.php(933): App\Controllers\TransaksiBarangMasuk->create()
 7 SYSTEMPATH\CodeIgniter.php(509): CodeIgniter\CodeIgniter->runController(Object(App\Controllers\TransaksiBarangMasuk))
 8 SYSTEMPATH\CodeIgniter.php(355): CodeIgniter\CodeIgniter->handleRequest(null, Object(Config\Cache), false)
 9 SYSTEMPATH\Boot.php(325): CodeIgniter\CodeIgniter->run()
10 SYSTEMPATH\Boot.php(67): CodeIgniter\Boot::runCodeIgniter(Object(CodeIgniter\CodeIgniter))
11 FCPATH\index.php(56): CodeIgniter\Boot::bootWeb(Object(Config\Paths))
12 SYSTEMPATH\rewrite.php(44): require_once('C:\\xampp\\htdocs\\gudang\\public\\index.php')
INFO - 2024-08-05 16:57:43 --> Session: Class initialized using 'CodeIgniter\Session\Handlers\FileHandler' driver.
INFO - 2024-08-05 16:57:53 --> Session: Class initialized using 'CodeIgniter\Session\Handlers\FileHandler' driver.
INFO - 2024-08-05 16:59:40 --> Session: Class initialized using 'CodeIgniter\Session\Handlers\FileHandler' driver.
INFO - 2024-08-05 17:00:03 --> Session: Class initialized using 'CodeIgniter\Session\Handlers\FileHandler' driver.
INFO - 2024-08-05 17:01:23 --> Session: Class initialized using 'CodeIgniter\Session\Handlers\FileHandler' driver.
INFO - 2024-08-05 17:01:42 --> Session: Class initialized using 'CodeIgniter\Session\Handlers\FileHandler' driver.
INFO - 2024-08-05 17:03:27 --> Session: Class initialized using 'CodeIgniter\Session\Handlers\FileHandler' driver.
INFO - 2024-08-05 17:03:40 --> Session: Class initialized using 'CodeIgniter\Session\Handlers\FileHandler' driver.
INFO - 2024-08-05 17:11:15 --> Session: Class initialized using 'CodeIgniter\Session\Handlers\FileHandler' driver.
INFO - 2024-08-05 17:11:40 --> Session: Class initialized using 'CodeIgniter\Session\Handlers\FileHandler' driver.
INFO - 2024-08-05 17:11:52 --> Session: Class initialized using 'CodeIgniter\Session\Handlers\FileHandler' driver.
INFO - 2024-08-05 17:12:52 --> Session: Class initialized using 'CodeIgniter\Session\Handlers\FileHandler' driver.
INFO - 2024-08-05 17:13:57 --> Session: Class initialized using 'CodeIgniter\Session\Handlers\FileHandler' driver.
INFO - 2024-08-05 17:14:18 --> Session: Class initialized using 'CodeIgniter\Session\Handlers\FileHandler' driver.
INFO - 2024-08-05 17:14:38 --> Session: Class initialized using 'CodeIgniter\Session\Handlers\FileHandler' driver.
INFO - 2024-08-05 17:14:57 --> Session: Class initialized using 'CodeIgniter\Session\Handlers\FileHandler' driver.
INFO - 2024-08-05 17:15:10 --> Session: Class initialized using 'CodeIgniter\Session\Handlers\FileHandler' driver.
INFO - 2024-08-05 17:15:31 --> Session: Class initialized using 'CodeIgniter\Session\Handlers\FileHandler' driver.
INFO - 2024-08-05 17:15:44 --> Session: Class initialized using 'CodeIgniter\Session\Handlers\FileHandler' driver.
INFO - 2024-08-05 17:16:32 --> Session: Class initialized using 'CodeIgniter\Session\Handlers\FileHandler' driver.
INFO - 2024-08-05 17:16:43 --> Session: Class initialized using 'CodeIgniter\Session\Handlers\FileHandler' driver.
INFO - 2024-08-05 17:17:05 --> Session: Class initialized using 'CodeIgniter\Session\Handlers\FileHandler' driver.
INFO - 2024-08-05 17:17:08 --> Session: Class initialized using 'CodeIgniter\Session\Handlers\FileHandler' driver.
INFO - 2024-08-05 17:17:32 --> Session: Class initialized using 'CodeIgniter\Session\Handlers\FileHandler' driver.
INFO - 2024-08-05 17:17:40 --> Session: Class initialized using 'CodeIgniter\Session\Handlers\FileHandler' driver.
INFO - 2024-08-05 17:18:02 --> Session: Class initialized using 'CodeIgniter\Session\Handlers\FileHandler' driver.
INFO - 2024-08-05 17:18:31 --> Session: Class initialized using 'CodeIgniter\Session\Handlers\FileHandler' driver.
INFO - 2024-08-05 17:19:20 --> Session: Class initialized using 'CodeIgniter\Session\Handlers\FileHandler' driver.
INFO - 2024-08-05 17:19:22 --> Session: Class initialized using 'CodeIgniter\Session\Handlers\FileHandler' driver.
INFO - 2024-08-05 17:20:49 --> Session: Class initialized using 'CodeIgniter\Session\Handlers\FileHandler' driver.
INFO - 2024-08-05 17:20:52 --> Session: Class initialized using 'CodeIgniter\Session\Handlers\FileHandler' driver.
INFO - 2024-08-05 17:21:18 --> Session: Class initialized using 'CodeIgniter\Session\Handlers\FileHandler' driver.
INFO - 2024-08-05 18:01:15 --> Session: Class initialized using 'CodeIgniter\Session\Handlers\FileHandler' driver.
INFO - 2024-08-05 18:01:19 --> Session: Class initialized using 'CodeIgniter\Session\Handlers\FileHandler' driver.
CRITICAL - 2024-08-05 18:27:19 --> BadMethodCallException: Call to undefined method App\Models\BarangModel::getDetailById
[Method: GET, Route: data-barang/detail/1]
in SYSTEMPATH\Model.php on line 932.
 1 APPPATH\Controllers\BarangController.php(121): CodeIgniter\Model->__call('getDetailById', [...])
 2 SYSTEMPATH\CodeIgniter.php(933): App\Controllers\BarangController->detail('1')
 3 SYSTEMPATH\CodeIgniter.php(509): CodeIgniter\CodeIgniter->runController(Object(App\Controllers\BarangController))
 4 SYSTEMPATH\CodeIgniter.php(355): CodeIgniter\CodeIgniter->handleRequest(null, Object(Config\Cache), false)
 5 SYSTEMPATH\Boot.php(325): CodeIgniter\CodeIgniter->run()
 6 SYSTEMPATH\Boot.php(67): CodeIgniter\Boot::runCodeIgniter(Object(CodeIgniter\CodeIgniter))
 7 FCPATH\index.php(56): CodeIgniter\Boot::bootWeb(Object(Config\Paths))
 8 SYSTEMPATH\rewrite.php(44): require_once('C:\\xampp\\htdocs\\gudang\\public\\index.php')
CRITICAL - 2024-08-05 18:29:54 --> CodeIgniter\View\Exceptions\ViewException: Invalid file: "laporan_detail_view.php"
[Method: GET, Route: data-barang/detail/1]
in SYSTEMPATH\Exceptions\FrameworkException.php on line 41.
 1 SYSTEMPATH\View\View.php(222): CodeIgniter\Exceptions\FrameworkException::forInvalidFile('laporan_detail_view.php')
 2 SYSTEMPATH\Common.php(1171): CodeIgniter\View\View->render('laporan_detail_view', [], true)
 3 APPPATH\Controllers\BarangController.php(128): view('laporan_detail_view', [...])
 4 SYSTEMPATH\CodeIgniter.php(933): App\Controllers\BarangController->detail('1')
 5 SYSTEMPATH\CodeIgniter.php(509): CodeIgniter\CodeIgniter->runController(Object(App\Controllers\BarangController))
 6 SYSTEMPATH\CodeIgniter.php(355): CodeIgniter\CodeIgniter->handleRequest(null, Object(Config\Cache), false)
 7 SYSTEMPATH\Boot.php(325): CodeIgniter\CodeIgniter->run()
 8 SYSTEMPATH\Boot.php(67): CodeIgniter\Boot::runCodeIgniter(Object(CodeIgniter\CodeIgniter))
 9 FCPATH\index.php(56): CodeIgniter\Boot::bootWeb(Object(Config\Paths))
10 SYSTEMPATH\rewrite.php(44): require_once('C:\\xampp\\htdocs\\gudang\\public\\index.php')
CRITICAL - 2024-08-05 18:30:24 --> CodeIgniter\View\Exceptions\ViewException: Invalid file: "data-barang-detail.php"
[Method: GET, Route: data-barang/detail/1]
in SYSTEMPATH\Exceptions\FrameworkException.php on line 41.
 1 SYSTEMPATH\View\View.php(222): CodeIgniter\Exceptions\FrameworkException::forInvalidFile('data-barang-detail.php')
 2 SYSTEMPATH\Common.php(1171): CodeIgniter\View\View->render('data-barang-detail', [], true)
 3 APPPATH\Controllers\BarangController.php(128): view('data-barang-detail', [...])
 4 SYSTEMPATH\CodeIgniter.php(933): App\Controllers\BarangController->detail('1')
 5 SYSTEMPATH\CodeIgniter.php(509): CodeIgniter\CodeIgniter->runController(Object(App\Controllers\BarangController))
 6 SYSTEMPATH\CodeIgniter.php(355): CodeIgniter\CodeIgniter->handleRequest(null, Object(Config\Cache), false)
 7 SYSTEMPATH\Boot.php(325): CodeIgniter\CodeIgniter->run()
 8 SYSTEMPATH\Boot.php(67): CodeIgniter\Boot::runCodeIgniter(Object(CodeIgniter\CodeIgniter))
 9 FCPATH\index.php(56): CodeIgniter\Boot::bootWeb(Object(Config\Paths))
10 SYSTEMPATH\rewrite.php(44): require_once('C:\\xampp\\htdocs\\gudang\\public\\index.php')
CRITICAL - 2024-08-05 18:30:54 --> CodeIgniter\View\Exceptions\ViewException: Invalid file: "data-barang/detail/(:num).php"
[Method: GET, Route: data-barang/detail/1]
in SYSTEMPATH\Exceptions\FrameworkException.php on line 41.
 1 SYSTEMPATH\View\View.php(222): CodeIgniter\Exceptions\FrameworkException::forInvalidFile('data-barang/detail/(:num).php')
 2 SYSTEMPATH\Common.php(1171): CodeIgniter\View\View->render('data-barang/detail/(:num)', [], true)
 3 APPPATH\Controllers\BarangController.php(128): view('data-barang/detail/(:num)', [...])
 4 SYSTEMPATH\CodeIgniter.php(933): App\Controllers\BarangController->detail('1')
 5 SYSTEMPATH\CodeIgniter.php(509): CodeIgniter\CodeIgniter->runController(Object(App\Controllers\BarangController))
 6 SYSTEMPATH\CodeIgniter.php(355): CodeIgniter\CodeIgniter->handleRequest(null, Object(Config\Cache), false)
 7 SYSTEMPATH\Boot.php(325): CodeIgniter\CodeIgniter->run()
 8 SYSTEMPATH\Boot.php(67): CodeIgniter\Boot::runCodeIgniter(Object(CodeIgniter\CodeIgniter))
 9 FCPATH\index.php(56): CodeIgniter\Boot::bootWeb(Object(Config\Paths))
10 SYSTEMPATH\rewrite.php(44): require_once('C:\\xampp\\htdocs\\gudang\\public\\index.php')
CRITICAL - 2024-08-05 18:31:02 --> CodeIgniter\View\Exceptions\ViewException: Invalid file: "data-barang/detail.php"
[Method: GET, Route: data-barang/detail/1]
in SYSTEMPATH\Exceptions\FrameworkException.php on line 41.
 1 SYSTEMPATH\View\View.php(222): CodeIgniter\Exceptions\FrameworkException::forInvalidFile('data-barang/detail.php')
 2 SYSTEMPATH\Common.php(1171): CodeIgniter\View\View->render('data-barang/detail', [], true)
 3 APPPATH\Controllers\BarangController.php(128): view('data-barang/detail', [...])
 4 SYSTEMPATH\CodeIgniter.php(933): App\Controllers\BarangController->detail('1')
 5 SYSTEMPATH\CodeIgniter.php(509): CodeIgniter\CodeIgniter->runController(Object(App\Controllers\BarangController))
 6 SYSTEMPATH\CodeIgniter.php(355): CodeIgniter\CodeIgniter->handleRequest(null, Object(Config\Cache), false)
 7 SYSTEMPATH\Boot.php(325): CodeIgniter\CodeIgniter->run()
 8 SYSTEMPATH\Boot.php(67): CodeIgniter\Boot::runCodeIgniter(Object(CodeIgniter\CodeIgniter))
 9 FCPATH\index.php(56): CodeIgniter\Boot::bootWeb(Object(Config\Paths))
10 SYSTEMPATH\rewrite.php(44): require_once('C:\\xampp\\htdocs\\gudang\\public\\index.php')
CRITICAL - 2024-08-05 18:31:27 --> CodeIgniter\View\Exceptions\ViewException: Invalid file: "data-barang/detail.php"
[Method: GET, Route: data-barang/detail/1]
in SYSTEMPATH\Exceptions\FrameworkException.php on line 41.
 1 SYSTEMPATH\View\View.php(222): CodeIgniter\Exceptions\FrameworkException::forInvalidFile('data-barang/detail.php')
 2 SYSTEMPATH\Common.php(1171): CodeIgniter\View\View->render('data-barang/detail', [], true)
 3 APPPATH\Controllers\BarangController.php(128): view('data-barang/detail', [...])
 4 SYSTEMPATH\CodeIgniter.php(933): App\Controllers\BarangController->detail('1')
 5 SYSTEMPATH\CodeIgniter.php(509): CodeIgniter\CodeIgniter->runController(Object(App\Controllers\BarangController))
 6 SYSTEMPATH\CodeIgniter.php(355): CodeIgniter\CodeIgniter->handleRequest(null, Object(Config\Cache), false)
 7 SYSTEMPATH\Boot.php(325): CodeIgniter\CodeIgniter->run()
 8 SYSTEMPATH\Boot.php(67): CodeIgniter\Boot::runCodeIgniter(Object(CodeIgniter\CodeIgniter))
 9 FCPATH\index.php(56): CodeIgniter\Boot::bootWeb(Object(Config\Paths))
10 SYSTEMPATH\rewrite.php(44): require_once('C:\\xampp\\htdocs\\gudang\\public\\index.php')
CRITICAL - 2024-08-05 18:32:09 --> CodeIgniter\View\Exceptions\ViewException: Invalid file: "data-barang/detail.php"
[Method: GET, Route: data-barang/detail/1]
in SYSTEMPATH\Exceptions\FrameworkException.php on line 41.
 1 SYSTEMPATH\View\View.php(222): CodeIgniter\Exceptions\FrameworkException::forInvalidFile('data-barang/detail.php')
 2 SYSTEMPATH\Common.php(1171): CodeIgniter\View\View->render('data-barang/detail', [], true)
 3 APPPATH\Controllers\BarangController.php(128): view('data-barang/detail', [...])
 4 SYSTEMPATH\CodeIgniter.php(933): App\Controllers\BarangController->detail('1')
 5 SYSTEMPATH\CodeIgniter.php(509): CodeIgniter\CodeIgniter->runController(Object(App\Controllers\BarangController))
 6 SYSTEMPATH\CodeIgniter.php(355): CodeIgniter\CodeIgniter->handleRequest(null, Object(Config\Cache), false)
 7 SYSTEMPATH\Boot.php(325): CodeIgniter\CodeIgniter->run()
 8 SYSTEMPATH\Boot.php(67): CodeIgniter\Boot::runCodeIgniter(Object(CodeIgniter\CodeIgniter))
 9 FCPATH\index.php(56): CodeIgniter\Boot::bootWeb(Object(Config\Paths))
10 SYSTEMPATH\rewrite.php(44): require_once('C:\\xampp\\htdocs\\gudang\\public\\index.php')
CRITICAL - 2024-08-05 18:32:27 --> CodeIgniter\View\Exceptions\ViewException: Invalid file: "data-barang/detail/(:num).php"
[Method: GET, Route: data-barang/detail/1]
in SYSTEMPATH\Exceptions\FrameworkException.php on line 41.
 1 SYSTEMPATH\View\View.php(222): CodeIgniter\Exceptions\FrameworkException::forInvalidFile('data-barang/detail/(:num).php')
 2 SYSTEMPATH\Common.php(1171): CodeIgniter\View\View->render('data-barang/detail/(:num)', [], true)
 3 APPPATH\Controllers\BarangController.php(128): view('data-barang/detail/(:num)', [...])
 4 SYSTEMPATH\CodeIgniter.php(933): App\Controllers\BarangController->detail('1')
 5 SYSTEMPATH\CodeIgniter.php(509): CodeIgniter\CodeIgniter->runController(Object(App\Controllers\BarangController))
 6 SYSTEMPATH\CodeIgniter.php(355): CodeIgniter\CodeIgniter->handleRequest(null, Object(Config\Cache), false)
 7 SYSTEMPATH\Boot.php(325): CodeIgniter\CodeIgniter->run()
 8 SYSTEMPATH\Boot.php(67): CodeIgniter\Boot::runCodeIgniter(Object(CodeIgniter\CodeIgniter))
 9 FCPATH\index.php(56): CodeIgniter\Boot::bootWeb(Object(Config\Paths))
10 SYSTEMPATH\rewrite.php(44): require_once('C:\\xampp\\htdocs\\gudang\\public\\index.php')
INFO - 2024-08-05 18:32:54 --> Session: Class initialized using 'CodeIgniter\Session\Handlers\FileHandler' driver.
INFO - 2024-08-05 18:34:39 --> Session: Class initialized using 'CodeIgniter\Session\Handlers\FileHandler' driver.
CRITICAL - 2024-08-05 18:34:43 --> CodeIgniter\View\Exceptions\ViewException: Invalid file: "barang/detail.php"
[Method: GET, Route: data-barang/detail/1]
in SYSTEMPATH\Exceptions\FrameworkException.php on line 41.
 1 SYSTEMPATH\View\View.php(222): CodeIgniter\Exceptions\FrameworkException::forInvalidFile('barang/detail.php')
 2 SYSTEMPATH\Common.php(1171): CodeIgniter\View\View->render('barang/detail', [], true)
 3 APPPATH\Controllers\BarangController.php(128): view('barang/detail', [...])
 4 SYSTEMPATH\CodeIgniter.php(933): App\Controllers\BarangController->detail('1')
 5 SYSTEMPATH\CodeIgniter.php(509): CodeIgniter\CodeIgniter->runController(Object(App\Controllers\BarangController))
 6 SYSTEMPATH\CodeIgniter.php(355): CodeIgniter\CodeIgniter->handleRequest(null, Object(Config\Cache), false)
 7 SYSTEMPATH\Boot.php(325): CodeIgniter\CodeIgniter->run()
 8 SYSTEMPATH\Boot.php(67): CodeIgniter\Boot::runCodeIgniter(Object(CodeIgniter\CodeIgniter))
 9 FCPATH\index.php(56): CodeIgniter\Boot::bootWeb(Object(Config\Paths))
10 SYSTEMPATH\rewrite.php(44): require_once('C:\\xampp\\htdocs\\gudang\\public\\index.php')
CRITICAL - 2024-08-05 18:34:54 --> CodeIgniter\View\Exceptions\ViewException: Invalid file: "data-barang/detail.php"
[Method: GET, Route: data-barang/detail/1]
in SYSTEMPATH\Exceptions\FrameworkException.php on line 41.
 1 SYSTEMPATH\View\View.php(222): CodeIgniter\Exceptions\FrameworkException::forInvalidFile('data-barang/detail.php')
 2 SYSTEMPATH\Common.php(1171): CodeIgniter\View\View->render('data-barang/detail', [], true)
 3 APPPATH\Controllers\BarangController.php(128): view('data-barang/detail', [...])
 4 SYSTEMPATH\CodeIgniter.php(933): App\Controllers\BarangController->detail('1')
 5 SYSTEMPATH\CodeIgniter.php(509): CodeIgniter\CodeIgniter->runController(Object(App\Controllers\BarangController))
 6 SYSTEMPATH\CodeIgniter.php(355): CodeIgniter\CodeIgniter->handleRequest(null, Object(Config\Cache), false)
 7 SYSTEMPATH\Boot.php(325): CodeIgniter\CodeIgniter->run()
 8 SYSTEMPATH\Boot.php(67): CodeIgniter\Boot::runCodeIgniter(Object(CodeIgniter\CodeIgniter))
 9 FCPATH\index.php(56): CodeIgniter\Boot::bootWeb(Object(Config\Paths))
10 SYSTEMPATH\rewrite.php(44): require_once('C:\\xampp\\htdocs\\gudang\\public\\index.php')
CRITICAL - 2024-08-05 18:35:18 --> CodeIgniter\View\Exceptions\ViewException: Invalid file: "data-barang/detail.php"
[Method: GET, Route: data-barang/detail/1]
in SYSTEMPATH\Exceptions\FrameworkException.php on line 41.
 1 SYSTEMPATH\View\View.php(222): CodeIgniter\Exceptions\FrameworkException::forInvalidFile('data-barang/detail.php')
 2 SYSTEMPATH\Common.php(1171): CodeIgniter\View\View->render('data-barang/detail', [], true)
 3 APPPATH\Controllers\BarangController.php(128): view('data-barang/detail', [...])
 4 SYSTEMPATH\CodeIgniter.php(933): App\Controllers\BarangController->detail('1')
 5 SYSTEMPATH\CodeIgniter.php(509): CodeIgniter\CodeIgniter->runController(Object(App\Controllers\BarangController))
 6 SYSTEMPATH\CodeIgniter.php(355): CodeIgniter\CodeIgniter->handleRequest(null, Object(Config\Cache), false)
 7 SYSTEMPATH\Boot.php(325): CodeIgniter\CodeIgniter->run()
 8 SYSTEMPATH\Boot.php(67): CodeIgniter\Boot::runCodeIgniter(Object(CodeIgniter\CodeIgniter))
 9 FCPATH\index.php(56): CodeIgniter\Boot::bootWeb(Object(Config\Paths))
10 SYSTEMPATH\rewrite.php(44): require_once('C:\\xampp\\htdocs\\gudang\\public\\index.php')
CRITICAL - 2024-08-05 18:35:29 --> CodeIgniter\View\Exceptions\ViewException: Invalid file: "data-barang.php"
[Method: GET, Route: data-barang/detail/1]
in SYSTEMPATH\Exceptions\FrameworkException.php on line 41.
 1 SYSTEMPATH\View\View.php(222): CodeIgniter\Exceptions\FrameworkException::forInvalidFile('data-barang.php')
 2 SYSTEMPATH\Common.php(1171): CodeIgniter\View\View->render('data-barang', [], true)
 3 APPPATH\Controllers\BarangController.php(128): view('data-barang', [...])
 4 SYSTEMPATH\CodeIgniter.php(933): App\Controllers\BarangController->detail('1')
 5 SYSTEMPATH\CodeIgniter.php(509): CodeIgniter\CodeIgniter->runController(Object(App\Controllers\BarangController))
 6 SYSTEMPATH\CodeIgniter.php(355): CodeIgniter\CodeIgniter->handleRequest(null, Object(Config\Cache), false)
 7 SYSTEMPATH\Boot.php(325): CodeIgniter\CodeIgniter->run()
 8 SYSTEMPATH\Boot.php(67): CodeIgniter\Boot::runCodeIgniter(Object(CodeIgniter\CodeIgniter))
 9 FCPATH\index.php(56): CodeIgniter\Boot::bootWeb(Object(Config\Paths))
10 SYSTEMPATH\rewrite.php(44): require_once('C:\\xampp\\htdocs\\gudang\\public\\index.php')
CRITICAL - 2024-08-05 18:35:56 --> CodeIgniter\View\Exceptions\ViewException: Invalid file: "data-barang.php"
[Method: GET, Route: data-barang/detail/1]
in SYSTEMPATH\Exceptions\FrameworkException.php on line 41.
 1 SYSTEMPATH\View\View.php(222): CodeIgniter\Exceptions\FrameworkException::forInvalidFile('data-barang.php')
 2 SYSTEMPATH\Common.php(1171): CodeIgniter\View\View->render('data-barang', [], true)
 3 APPPATH\Controllers\BarangController.php(128): view('data-barang', [...])
 4 SYSTEMPATH\CodeIgniter.php(933): App\Controllers\BarangController->detail('1')
 5 SYSTEMPATH\CodeIgniter.php(509): CodeIgniter\CodeIgniter->runController(Object(App\Controllers\BarangController))
 6 SYSTEMPATH\CodeIgniter.php(355): CodeIgniter\CodeIgniter->handleRequest(null, Object(Config\Cache), false)
 7 SYSTEMPATH\Boot.php(325): CodeIgniter\CodeIgniter->run()
 8 SYSTEMPATH\Boot.php(67): CodeIgniter\Boot::runCodeIgniter(Object(CodeIgniter\CodeIgniter))
 9 FCPATH\index.php(56): CodeIgniter\Boot::bootWeb(Object(Config\Paths))
10 SYSTEMPATH\rewrite.php(44): require_once('C:\\xampp\\htdocs\\gudang\\public\\index.php')
CRITICAL - 2024-08-05 18:37:09 --> CodeIgniter\View\Exceptions\ViewException: Invalid file: "data-barang.php"
[Method: GET, Route: data-barang/detail/1]
in SYSTEMPATH\Exceptions\FrameworkException.php on line 41.
 1 SYSTEMPATH\View\View.php(222): CodeIgniter\Exceptions\FrameworkException::forInvalidFile('data-barang.php')
 2 SYSTEMPATH\Common.php(1171): CodeIgniter\View\View->render('data-barang', [], true)
 3 APPPATH\Controllers\BarangController.php(128): view('data-barang', [...])
 4 SYSTEMPATH\CodeIgniter.php(933): App\Controllers\BarangController->detail('1')
 5 SYSTEMPATH\CodeIgniter.php(509): CodeIgniter\CodeIgniter->runController(Object(App\Controllers\BarangController))
 6 SYSTEMPATH\CodeIgniter.php(355): CodeIgniter\CodeIgniter->handleRequest(null, Object(Config\Cache), false)
 7 SYSTEMPATH\Boot.php(325): CodeIgniter\CodeIgniter->run()
 8 SYSTEMPATH\Boot.php(67): CodeIgniter\Boot::runCodeIgniter(Object(CodeIgniter\CodeIgniter))
 9 FCPATH\index.php(56): CodeIgniter\Boot::bootWeb(Object(Config\Paths))
10 SYSTEMPATH\rewrite.php(44): require_once('C:\\xampp\\htdocs\\gudang\\public\\index.php')
CRITICAL - 2024-08-05 18:37:20 --> CodeIgniter\View\Exceptions\ViewException: Invalid file: "data-barang/detail.php"
[Method: GET, Route: data-barang/detail/1]
in SYSTEMPATH\Exceptions\FrameworkException.php on line 41.
 1 SYSTEMPATH\View\View.php(222): CodeIgniter\Exceptions\FrameworkException::forInvalidFile('data-barang/detail.php')
 2 SYSTEMPATH\Common.php(1171): CodeIgniter\View\View->render('data-barang/detail', [], true)
 3 APPPATH\Controllers\BarangController.php(128): view('data-barang/detail', [...])
 4 SYSTEMPATH\CodeIgniter.php(933): App\Controllers\BarangController->detail('1')
 5 SYSTEMPATH\CodeIgniter.php(509): CodeIgniter\CodeIgniter->runController(Object(App\Controllers\BarangController))
 6 SYSTEMPATH\CodeIgniter.php(355): CodeIgniter\CodeIgniter->handleRequest(null, Object(Config\Cache), false)
 7 SYSTEMPATH\Boot.php(325): CodeIgniter\CodeIgniter->run()
 8 SYSTEMPATH\Boot.php(67): CodeIgniter\Boot::runCodeIgniter(Object(CodeIgniter\CodeIgniter))
 9 FCPATH\index.php(56): CodeIgniter\Boot::bootWeb(Object(Config\Paths))
10 SYSTEMPATH\rewrite.php(44): require_once('C:\\xampp\\htdocs\\gudang\\public\\index.php')
CRITICAL - 2024-08-05 18:37:34 --> CodeIgniter\View\Exceptions\ViewException: Invalid file: "data-barang/detail/$1.php"
[Method: GET, Route: data-barang/detail/1]
in SYSTEMPATH\Exceptions\FrameworkException.php on line 41.
 1 SYSTEMPATH\View\View.php(222): CodeIgniter\Exceptions\FrameworkException::forInvalidFile('data-barang/detail/$1.php')
 2 SYSTEMPATH\Common.php(1171): CodeIgniter\View\View->render('data-barang/detail/$1', [], true)
 3 APPPATH\Controllers\BarangController.php(128): view('data-barang/detail/$1', [...])
 4 SYSTEMPATH\CodeIgniter.php(933): App\Controllers\BarangController->detail('1')
 5 SYSTEMPATH\CodeIgniter.php(509): CodeIgniter\CodeIgniter->runController(Object(App\Controllers\BarangController))
 6 SYSTEMPATH\CodeIgniter.php(355): CodeIgniter\CodeIgniter->handleRequest(null, Object(Config\Cache), false)
 7 SYSTEMPATH\Boot.php(325): CodeIgniter\CodeIgniter->run()
 8 SYSTEMPATH\Boot.php(67): CodeIgniter\Boot::runCodeIgniter(Object(CodeIgniter\CodeIgniter))
 9 FCPATH\index.php(56): CodeIgniter\Boot::bootWeb(Object(Config\Paths))
10 SYSTEMPATH\rewrite.php(44): require_once('C:\\xampp\\htdocs\\gudang\\public\\index.php')
CRITICAL - 2024-08-05 18:37:40 --> CodeIgniter\View\Exceptions\ViewException: Invalid file: "data-barang/detail.php"
[Method: GET, Route: data-barang/detail/1]
in SYSTEMPATH\Exceptions\FrameworkException.php on line 41.
 1 SYSTEMPATH\View\View.php(222): CodeIgniter\Exceptions\FrameworkException::forInvalidFile('data-barang/detail.php')
 2 SYSTEMPATH\Common.php(1171): CodeIgniter\View\View->render('data-barang/detail', [], true)
 3 APPPATH\Controllers\BarangController.php(128): view('data-barang/detail', [...])
 4 SYSTEMPATH\CodeIgniter.php(933): App\Controllers\BarangController->detail('1')
 5 SYSTEMPATH\CodeIgniter.php(509): CodeIgniter\CodeIgniter->runController(Object(App\Controllers\BarangController))
 6 SYSTEMPATH\CodeIgniter.php(355): CodeIgniter\CodeIgniter->handleRequest(null, Object(Config\Cache), false)
 7 SYSTEMPATH\Boot.php(325): CodeIgniter\CodeIgniter->run()
 8 SYSTEMPATH\Boot.php(67): CodeIgniter\Boot::runCodeIgniter(Object(CodeIgniter\CodeIgniter))
 9 FCPATH\index.php(56): CodeIgniter\Boot::bootWeb(Object(Config\Paths))
10 SYSTEMPATH\rewrite.php(44): require_once('C:\\xampp\\htdocs\\gudang\\public\\index.php')
INFO - 2024-08-05 18:38:40 --> Session: Class initialized using 'CodeIgniter\Session\Handlers\FileHandler' driver.
CRITICAL - 2024-08-05 18:38:40 --> ErrorException: Undefined variable $nextKode
[Method: GET, Route: data-barang/detail/1]
in APPPATH\Views\barang\components\action\detail.php on line 57.
 1 APPPATH\Views\barang\components\action\detail.php(57): CodeIgniter\Debug\Exceptions->errorHandler(2, 'Undefined variable $nextKode', 'C:\\xampp\\htdocs\\gudang\\app\\Views\\barang\\components\\action\\detail.php', 57)
 2 SYSTEMPATH\View\View.php(234): include('C:\\xampp\\htdocs\\gudang\\app\\Views\\barang\\components\\action\\detail.php')
 3 SYSTEMPATH\View\View.php(237): CodeIgniter\View\View->CodeIgniter\View\{closure}()
 4 SYSTEMPATH\Common.php(1171): CodeIgniter\View\View->render('barang/components/action/detail', [], true)
 5 APPPATH\Controllers\BarangController.php(128): view('barang/components/action/detail', [...])
 6 SYSTEMPATH\CodeIgniter.php(933): App\Controllers\BarangController->detail('1')
 7 SYSTEMPATH\CodeIgniter.php(509): CodeIgniter\CodeIgniter->runController(Object(App\Controllers\BarangController))
 8 SYSTEMPATH\CodeIgniter.php(355): CodeIgniter\CodeIgniter->handleRequest(null, Object(Config\Cache), false)
 9 SYSTEMPATH\Boot.php(325): CodeIgniter\CodeIgniter->run()
10 SYSTEMPATH\Boot.php(67): CodeIgniter\Boot::runCodeIgniter(Object(CodeIgniter\CodeIgniter))
11 FCPATH\index.php(56): CodeIgniter\Boot::bootWeb(Object(Config\Paths))
12 SYSTEMPATH\rewrite.php(44): require_once('C:\\xampp\\htdocs\\gudang\\public\\index.php')
INFO - 2024-08-05 18:40:05 --> Session: Class initialized using 'CodeIgniter\Session\Handlers\FileHandler' driver.
CRITICAL - 2024-08-05 18:40:05 --> ErrorException: Undefined variable $jenisBarang
[Method: GET, Route: data-barang/detail/1]
in APPPATH\Views\barang\components\action\detail.php on line 113.
 1 APPPATH\Views\barang\components\action\detail.php(113): CodeIgniter\Debug\Exceptions->errorHandler(2, 'Undefined variable $jenisBarang', 'C:\\xampp\\htdocs\\gudang\\app\\Views\\barang\\components\\action\\detail.php', 113)
 2 SYSTEMPATH\View\View.php(234): include('C:\\xampp\\htdocs\\gudang\\app\\Views\\barang\\components\\action\\detail.php')
 3 SYSTEMPATH\View\View.php(237): CodeIgniter\View\View->CodeIgniter\View\{closure}()
 4 SYSTEMPATH\Common.php(1171): CodeIgniter\View\View->render('barang/components/action/detail', [], true)
 5 APPPATH\Controllers\BarangController.php(128): view('barang/components/action/detail', [...])
 6 SYSTEMPATH\CodeIgniter.php(933): App\Controllers\BarangController->detail('1')
 7 SYSTEMPATH\CodeIgniter.php(509): CodeIgniter\CodeIgniter->runController(Object(App\Controllers\BarangController))
 8 SYSTEMPATH\CodeIgniter.php(355): CodeIgniter\CodeIgniter->handleRequest(null, Object(Config\Cache), false)
 9 SYSTEMPATH\Boot.php(325): CodeIgniter\CodeIgniter->run()
10 SYSTEMPATH\Boot.php(67): CodeIgniter\Boot::runCodeIgniter(Object(CodeIgniter\CodeIgniter))
11 FCPATH\index.php(56): CodeIgniter\Boot::bootWeb(Object(Config\Paths))
12 SYSTEMPATH\rewrite.php(44): require_once('C:\\xampp\\htdocs\\gudang\\public\\index.php')
INFO - 2024-08-05 18:40:44 --> Session: Class initialized using 'CodeIgniter\Session\Handlers\FileHandler' driver.
CRITICAL - 2024-08-05 18:40:44 --> ErrorException: Undefined variable $jenisBarang
[Method: GET, Route: data-barang/detail/1]
in APPPATH\Views\barang\components\action\detail.php on line 113.
 1 APPPATH\Views\barang\components\action\detail.php(113): CodeIgniter\Debug\Exceptions->errorHandler(2, 'Undefined variable $jenisBarang', 'C:\\xampp\\htdocs\\gudang\\app\\Views\\barang\\components\\action\\detail.php', 113)
 2 SYSTEMPATH\View\View.php(234): include('C:\\xampp\\htdocs\\gudang\\app\\Views\\barang\\components\\action\\detail.php')
 3 SYSTEMPATH\View\View.php(237): CodeIgniter\View\View->CodeIgniter\View\{closure}()
 4 SYSTEMPATH\Common.php(1171): CodeIgniter\View\View->render('barang/components/action/detail', [], true)
 5 APPPATH\Controllers\BarangController.php(128): view('barang/components/action/detail', [...])
 6 SYSTEMPATH\CodeIgniter.php(933): App\Controllers\BarangController->detail('1')
 7 SYSTEMPATH\CodeIgniter.php(509): CodeIgniter\CodeIgniter->runController(Object(App\Controllers\BarangController))
 8 SYSTEMPATH\CodeIgniter.php(355): CodeIgniter\CodeIgniter->handleRequest(null, Object(Config\Cache), false)
 9 SYSTEMPATH\Boot.php(325): CodeIgniter\CodeIgniter->run()
10 SYSTEMPATH\Boot.php(67): CodeIgniter\Boot::runCodeIgniter(Object(CodeIgniter\CodeIgniter))
11 FCPATH\index.php(56): CodeIgniter\Boot::bootWeb(Object(Config\Paths))
12 SYSTEMPATH\rewrite.php(44): require_once('C:\\xampp\\htdocs\\gudang\\public\\index.php')
INFO - 2024-08-05 18:41:24 --> Session: Class initialized using 'CodeIgniter\Session\Handlers\FileHandler' driver.
CRITICAL - 2024-08-05 18:41:24 --> ErrorException: Undefined variable $jenisBarang
[Method: GET, Route: data-barang/detail/1]
in APPPATH\Views\barang\components\action\detail.php on line 113.
 1 APPPATH\Views\barang\components\action\detail.php(113): CodeIgniter\Debug\Exceptions->errorHandler(2, 'Undefined variable $jenisBarang', 'C:\\xampp\\htdocs\\gudang\\app\\Views\\barang\\components\\action\\detail.php', 113)
 2 SYSTEMPATH\View\View.php(234): include('C:\\xampp\\htdocs\\gudang\\app\\Views\\barang\\components\\action\\detail.php')
 3 SYSTEMPATH\View\View.php(237): CodeIgniter\View\View->CodeIgniter\View\{closure}()
 4 SYSTEMPATH\Common.php(1171): CodeIgniter\View\View->render('barang/components/action/detail', [], true)
 5 APPPATH\Controllers\BarangController.php(128): view('barang/components/action/detail', [...])
 6 SYSTEMPATH\CodeIgniter.php(933): App\Controllers\BarangController->detail('1')
 7 SYSTEMPATH\CodeIgniter.php(509): CodeIgniter\CodeIgniter->runController(Object(App\Controllers\BarangController))
 8 SYSTEMPATH\CodeIgniter.php(355): CodeIgniter\CodeIgniter->handleRequest(null, Object(Config\Cache), false)
 9 SYSTEMPATH\Boot.php(325): CodeIgniter\CodeIgniter->run()
10 SYSTEMPATH\Boot.php(67): CodeIgniter\Boot::runCodeIgniter(Object(CodeIgniter\CodeIgniter))
11 FCPATH\index.php(56): CodeIgniter\Boot::bootWeb(Object(Config\Paths))
12 SYSTEMPATH\rewrite.php(44): require_once('C:\\xampp\\htdocs\\gudang\\public\\index.php')
INFO - 2024-08-05 18:41:53 --> Session: Class initialized using 'CodeIgniter\Session\Handlers\FileHandler' driver.
CRITICAL - 2024-08-05 18:41:53 --> ErrorException: Undefined variable $jenisBarang
[Method: GET, Route: data-barang/detail/1]
in APPPATH\Views\barang\components\action\detail.php on line 113.
 1 APPPATH\Views\barang\components\action\detail.php(113): CodeIgniter\Debug\Exceptions->errorHandler(2, 'Undefined variable $jenisBarang', 'C:\\xampp\\htdocs\\gudang\\app\\Views\\barang\\components\\action\\detail.php', 113)
 2 SYSTEMPATH\View\View.php(234): include('C:\\xampp\\htdocs\\gudang\\app\\Views\\barang\\components\\action\\detail.php')
 3 SYSTEMPATH\View\View.php(237): CodeIgniter\View\View->CodeIgniter\View\{closure}()
 4 SYSTEMPATH\Common.php(1171): CodeIgniter\View\View->render('barang/components/action/detail', [], true)
 5 APPPATH\Controllers\BarangController.php(128): view('barang/components/action/detail', [...])
 6 SYSTEMPATH\CodeIgniter.php(933): App\Controllers\BarangController->detail('1')
 7 SYSTEMPATH\CodeIgniter.php(509): CodeIgniter\CodeIgniter->runController(Object(App\Controllers\BarangController))
 8 SYSTEMPATH\CodeIgniter.php(355): CodeIgniter\CodeIgniter->handleRequest(null, Object(Config\Cache), false)
 9 SYSTEMPATH\Boot.php(325): CodeIgniter\CodeIgniter->run()
10 SYSTEMPATH\Boot.php(67): CodeIgniter\Boot::runCodeIgniter(Object(CodeIgniter\CodeIgniter))
11 FCPATH\index.php(56): CodeIgniter\Boot::bootWeb(Object(Config\Paths))
12 SYSTEMPATH\rewrite.php(44): require_once('C:\\xampp\\htdocs\\gudang\\public\\index.php')
INFO - 2024-08-05 18:42:34 --> Session: Class initialized using 'CodeIgniter\Session\Handlers\FileHandler' driver.
CRITICAL - 2024-08-05 18:42:34 --> ErrorException: Undefined variable $jenisBarang
[Method: GET, Route: data-barang/detail/1]
in APPPATH\Views\barang\components\action\detail.php on line 113.
 1 APPPATH\Views\barang\components\action\detail.php(113): CodeIgniter\Debug\Exceptions->errorHandler(2, 'Undefined variable $jenisBarang', 'C:\\xampp\\htdocs\\gudang\\app\\Views\\barang\\components\\action\\detail.php', 113)
 2 SYSTEMPATH\View\View.php(234): include('C:\\xampp\\htdocs\\gudang\\app\\Views\\barang\\components\\action\\detail.php')
 3 SYSTEMPATH\View\View.php(237): CodeIgniter\View\View->CodeIgniter\View\{closure}()
 4 SYSTEMPATH\Common.php(1171): CodeIgniter\View\View->render('barang/components/action/detail', [], true)
 5 APPPATH\Controllers\BarangController.php(128): view('barang/components/action/detail', [...])
 6 SYSTEMPATH\CodeIgniter.php(933): App\Controllers\BarangController->detail('1')
 7 SYSTEMPATH\CodeIgniter.php(509): CodeIgniter\CodeIgniter->runController(Object(App\Controllers\BarangController))
 8 SYSTEMPATH\CodeIgniter.php(355): CodeIgniter\CodeIgniter->handleRequest(null, Object(Config\Cache), false)
 9 SYSTEMPATH\Boot.php(325): CodeIgniter\CodeIgniter->run()
10 SYSTEMPATH\Boot.php(67): CodeIgniter\Boot::runCodeIgniter(Object(CodeIgniter\CodeIgniter))
11 FCPATH\index.php(56): CodeIgniter\Boot::bootWeb(Object(Config\Paths))
12 SYSTEMPATH\rewrite.php(44): require_once('C:\\xampp\\htdocs\\gudang\\public\\index.php')
INFO - 2024-08-05 18:44:19 --> Session: Class initialized using 'CodeIgniter\Session\Handlers\FileHandler' driver.
INFO - 2024-08-05 18:44:46 --> Session: Class initialized using 'CodeIgniter\Session\Handlers\FileHandler' driver.
INFO - 2024-08-05 18:45:13 --> Session: Class initialized using 'CodeIgniter\Session\Handlers\FileHandler' driver.
CRITICAL - 2024-08-05 18:45:13 --> ErrorException: Undefined array key "nama_satuan"
[Method: GET, Route: data-barang/detail/1]
in APPPATH\Views\barang\components\action\detail.php on line 77.
 1 APPPATH\Views\barang\components\action\detail.php(77): CodeIgniter\Debug\Exceptions->errorHandler(2, 'Undefined array key "nama_satuan"', 'C:\\xampp\\htdocs\\gudang\\app\\Views\\barang\\components\\action\\detail.php', 77)
 2 SYSTEMPATH\View\View.php(234): include('C:\\xampp\\htdocs\\gudang\\app\\Views\\barang\\components\\action\\detail.php')
 3 SYSTEMPATH\View\View.php(237): CodeIgniter\View\View->CodeIgniter\View\{closure}()
 4 SYSTEMPATH\Common.php(1171): CodeIgniter\View\View->render('barang/components/action/detail', [], true)
 5 APPPATH\Controllers\BarangController.php(132): view('barang/components/action/detail', [...])
 6 SYSTEMPATH\CodeIgniter.php(933): App\Controllers\BarangController->detail('1')
 7 SYSTEMPATH\CodeIgniter.php(509): CodeIgniter\CodeIgniter->runController(Object(App\Controllers\BarangController))
 8 SYSTEMPATH\CodeIgniter.php(355): CodeIgniter\CodeIgniter->handleRequest(null, Object(Config\Cache), false)
 9 SYSTEMPATH\Boot.php(325): CodeIgniter\CodeIgniter->run()
10 SYSTEMPATH\Boot.php(67): CodeIgniter\Boot::runCodeIgniter(Object(CodeIgniter\CodeIgniter))
11 FCPATH\index.php(56): CodeIgniter\Boot::bootWeb(Object(Config\Paths))
12 SYSTEMPATH\rewrite.php(44): require_once('C:\\xampp\\htdocs\\gudang\\public\\index.php')
INFO - 2024-08-05 18:45:39 --> Session: Class initialized using 'CodeIgniter\Session\Handlers\FileHandler' driver.
CRITICAL - 2024-08-05 18:45:39 --> ErrorException: Undefined array key "nama_satuan"
[Method: GET, Route: data-barang/detail/1]
in APPPATH\Views\barang\components\action\detail.php on line 77.
 1 APPPATH\Views\barang\components\action\detail.php(77): CodeIgniter\Debug\Exceptions->errorHandler(2, 'Undefined array key "nama_satuan"', 'C:\\xampp\\htdocs\\gudang\\app\\Views\\barang\\components\\action\\detail.php', 77)
 2 SYSTEMPATH\View\View.php(234): include('C:\\xampp\\htdocs\\gudang\\app\\Views\\barang\\components\\action\\detail.php')
 3 SYSTEMPATH\View\View.php(237): CodeIgniter\View\View->CodeIgniter\View\{closure}()
 4 SYSTEMPATH\Common.php(1171): CodeIgniter\View\View->render('barang/components/action/detail', [], true)
 5 APPPATH\Controllers\BarangController.php(132): view('barang/components/action/detail', [...])
 6 SYSTEMPATH\CodeIgniter.php(933): App\Controllers\BarangController->detail('1')
 7 SYSTEMPATH\CodeIgniter.php(509): CodeIgniter\CodeIgniter->runController(Object(App\Controllers\BarangController))
 8 SYSTEMPATH\CodeIgniter.php(355): CodeIgniter\CodeIgniter->handleRequest(null, Object(Config\Cache), false)
 9 SYSTEMPATH\Boot.php(325): CodeIgniter\CodeIgniter->run()
10 SYSTEMPATH\Boot.php(67): CodeIgniter\Boot::runCodeIgniter(Object(CodeIgniter\CodeIgniter))
11 FCPATH\index.php(56): CodeIgniter\Boot::bootWeb(Object(Config\Paths))
12 SYSTEMPATH\rewrite.php(44): require_once('C:\\xampp\\htdocs\\gudang\\public\\index.php')
INFO - 2024-08-05 18:45:47 --> Session: Class initialized using 'CodeIgniter\Session\Handlers\FileHandler' driver.
CRITICAL - 2024-08-05 18:45:47 --> ErrorException: Undefined array key "nama_satuan"
[Method: GET, Route: data-barang/detail/1]
in APPPATH\Views\barang\components\action\detail.php on line 77.
 1 APPPATH\Views\barang\components\action\detail.php(77): CodeIgniter\Debug\Exceptions->errorHandler(2, 'Undefined array key "nama_satuan"', 'C:\\xampp\\htdocs\\gudang\\app\\Views\\barang\\components\\action\\detail.php', 77)
 2 SYSTEMPATH\View\View.php(234): include('C:\\xampp\\htdocs\\gudang\\app\\Views\\barang\\components\\action\\detail.php')
 3 SYSTEMPATH\View\View.php(237): CodeIgniter\View\View->CodeIgniter\View\{closure}()
 4 SYSTEMPATH\Common.php(1171): CodeIgniter\View\View->render('barang/components/action/detail', [], true)
 5 APPPATH\Controllers\BarangController.php(132): view('barang/components/action/detail', [...])
 6 SYSTEMPATH\CodeIgniter.php(933): App\Controllers\BarangController->detail('1')
 7 SYSTEMPATH\CodeIgniter.php(509): CodeIgniter\CodeIgniter->runController(Object(App\Controllers\BarangController))
 8 SYSTEMPATH\CodeIgniter.php(355): CodeIgniter\CodeIgniter->handleRequest(null, Object(Config\Cache), false)
 9 SYSTEMPATH\Boot.php(325): CodeIgniter\CodeIgniter->run()
10 SYSTEMPATH\Boot.php(67): CodeIgniter\Boot::runCodeIgniter(Object(CodeIgniter\CodeIgniter))
11 FCPATH\index.php(56): CodeIgniter\Boot::bootWeb(Object(Config\Paths))
12 SYSTEMPATH\rewrite.php(44): require_once('C:\\xampp\\htdocs\\gudang\\public\\index.php')
INFO - 2024-08-05 18:46:01 --> Session: Class initialized using 'CodeIgniter\Session\Handlers\FileHandler' driver.
INFO - 2024-08-05 18:46:44 --> Session: Class initialized using 'CodeIgniter\Session\Handlers\FileHandler' driver.
INFO - 2024-08-05 18:47:06 --> Session: Class initialized using 'CodeIgniter\Session\Handlers\FileHandler' driver.
CRITICAL - 2024-08-05 18:47:06 --> ErrorException: Undefined array key "jenis_satuan"
[Method: GET, Route: data-barang/detail/1]
in APPPATH\Views\barang\components\action\detail.php on line 77.
 1 APPPATH\Views\barang\components\action\detail.php(77): CodeIgniter\Debug\Exceptions->errorHandler(2, 'Undefined array key "jenis_satuan"', 'C:\\xampp\\htdocs\\gudang\\app\\Views\\barang\\components\\action\\detail.php', 77)
 2 SYSTEMPATH\View\View.php(234): include('C:\\xampp\\htdocs\\gudang\\app\\Views\\barang\\components\\action\\detail.php')
 3 SYSTEMPATH\View\View.php(237): CodeIgniter\View\View->CodeIgniter\View\{closure}()
 4 SYSTEMPATH\Common.php(1171): CodeIgniter\View\View->render('barang/components/action/detail', [], true)
 5 APPPATH\Controllers\BarangController.php(132): view('barang/components/action/detail', [...])
 6 SYSTEMPATH\CodeIgniter.php(933): App\Controllers\BarangController->detail('1')
 7 SYSTEMPATH\CodeIgniter.php(509): CodeIgniter\CodeIgniter->runController(Object(App\Controllers\BarangController))
 8 SYSTEMPATH\CodeIgniter.php(355): CodeIgniter\CodeIgniter->handleRequest(null, Object(Config\Cache), false)
 9 SYSTEMPATH\Boot.php(325): CodeIgniter\CodeIgniter->run()
10 SYSTEMPATH\Boot.php(67): CodeIgniter\Boot::runCodeIgniter(Object(CodeIgniter\CodeIgniter))
11 FCPATH\index.php(56): CodeIgniter\Boot::bootWeb(Object(Config\Paths))
12 SYSTEMPATH\rewrite.php(44): require_once('C:\\xampp\\htdocs\\gudang\\public\\index.php')
INFO - 2024-08-05 18:47:17 --> Session: Class initialized using 'CodeIgniter\Session\Handlers\FileHandler' driver.
CRITICAL - 2024-08-05 18:47:17 --> ErrorException: Undefined array key "nama_satuan"
[Method: GET, Route: data-barang/detail/1]
in APPPATH\Views\barang\components\action\detail.php on line 77.
 1 APPPATH\Views\barang\components\action\detail.php(77): CodeIgniter\Debug\Exceptions->errorHandler(2, 'Undefined array key "nama_satuan"', 'C:\\xampp\\htdocs\\gudang\\app\\Views\\barang\\components\\action\\detail.php', 77)
 2 SYSTEMPATH\View\View.php(234): include('C:\\xampp\\htdocs\\gudang\\app\\Views\\barang\\components\\action\\detail.php')
 3 SYSTEMPATH\View\View.php(237): CodeIgniter\View\View->CodeIgniter\View\{closure}()
 4 SYSTEMPATH\Common.php(1171): CodeIgniter\View\View->render('barang/components/action/detail', [], true)
 5 APPPATH\Controllers\BarangController.php(132): view('barang/components/action/detail', [...])
 6 SYSTEMPATH\CodeIgniter.php(933): App\Controllers\BarangController->detail('1')
 7 SYSTEMPATH\CodeIgniter.php(509): CodeIgniter\CodeIgniter->runController(Object(App\Controllers\BarangController))
 8 SYSTEMPATH\CodeIgniter.php(355): CodeIgniter\CodeIgniter->handleRequest(null, Object(Config\Cache), false)
 9 SYSTEMPATH\Boot.php(325): CodeIgniter\CodeIgniter->run()
10 SYSTEMPATH\Boot.php(67): CodeIgniter\Boot::runCodeIgniter(Object(CodeIgniter\CodeIgniter))
11 FCPATH\index.php(56): CodeIgniter\Boot::bootWeb(Object(Config\Paths))
12 SYSTEMPATH\rewrite.php(44): require_once('C:\\xampp\\htdocs\\gudang\\public\\index.php')
INFO - 2024-08-05 18:48:02 --> Session: Class initialized using 'CodeIgniter\Session\Handlers\FileHandler' driver.
CRITICAL - 2024-08-05 18:48:02 --> ErrorException: Undefined array key "jenis_satuan"
[Method: GET, Route: data-barang/detail/1]
in APPPATH\Views\barang\components\action\detail.php on line 77.
 1 APPPATH\Views\barang\components\action\detail.php(77): CodeIgniter\Debug\Exceptions->errorHandler(2, 'Undefined array key "jenis_satuan"', 'C:\\xampp\\htdocs\\gudang\\app\\Views\\barang\\components\\action\\detail.php', 77)
 2 SYSTEMPATH\View\View.php(234): include('C:\\xampp\\htdocs\\gudang\\app\\Views\\barang\\components\\action\\detail.php')
 3 SYSTEMPATH\View\View.php(237): CodeIgniter\View\View->CodeIgniter\View\{closure}()
 4 SYSTEMPATH\Common.php(1171): CodeIgniter\View\View->render('barang/components/action/detail', [], true)
 5 APPPATH\Controllers\BarangController.php(132): view('barang/components/action/detail', [...])
 6 SYSTEMPATH\CodeIgniter.php(933): App\Controllers\BarangController->detail('1')
 7 SYSTEMPATH\CodeIgniter.php(509): CodeIgniter\CodeIgniter->runController(Object(App\Controllers\BarangController))
 8 SYSTEMPATH\CodeIgniter.php(355): CodeIgniter\CodeIgniter->handleRequest(null, Object(Config\Cache), false)
 9 SYSTEMPATH\Boot.php(325): CodeIgniter\CodeIgniter->run()
10 SYSTEMPATH\Boot.php(67): CodeIgniter\Boot::runCodeIgniter(Object(CodeIgniter\CodeIgniter))
11 FCPATH\index.php(56): CodeIgniter\Boot::bootWeb(Object(Config\Paths))
12 SYSTEMPATH\rewrite.php(44): require_once('C:\\xampp\\htdocs\\gudang\\public\\index.php')
INFO - 2024-08-05 18:48:17 --> Session: Class initialized using 'CodeIgniter\Session\Handlers\FileHandler' driver.
INFO - 2024-08-05 18:48:54 --> Session: Class initialized using 'CodeIgniter\Session\Handlers\FileHandler' driver.
INFO - 2024-08-05 18:49:08 --> Session: Class initialized using 'CodeIgniter\Session\Handlers\FileHandler' driver.
INFO - 2024-08-05 18:49:28 --> Session: Class initialized using 'CodeIgniter\Session\Handlers\FileHandler' driver.
CRITICAL - 2024-08-05 18:49:28 --> ErrorException: Undefined array key "nama_satuan"
[Method: GET, Route: data-barang/detail/1]
in APPPATH\Views\barang\components\action\detail.php on line 77.
 1 APPPATH\Views\barang\components\action\detail.php(77): CodeIgniter\Debug\Exceptions->errorHandler(2, 'Undefined array key "nama_satuan"', 'C:\\xampp\\htdocs\\gudang\\app\\Views\\barang\\components\\action\\detail.php', 77)
 2 SYSTEMPATH\View\View.php(234): include('C:\\xampp\\htdocs\\gudang\\app\\Views\\barang\\components\\action\\detail.php')
 3 SYSTEMPATH\View\View.php(237): CodeIgniter\View\View->CodeIgniter\View\{closure}()
 4 SYSTEMPATH\Common.php(1171): CodeIgniter\View\View->render('barang/components/action/detail', [], true)
 5 APPPATH\Controllers\BarangController.php(132): view('barang/components/action/detail', [...])
 6 SYSTEMPATH\CodeIgniter.php(933): App\Controllers\BarangController->detail('1')
 7 SYSTEMPATH\CodeIgniter.php(509): CodeIgniter\CodeIgniter->runController(Object(App\Controllers\BarangController))
 8 SYSTEMPATH\CodeIgniter.php(355): CodeIgniter\CodeIgniter->handleRequest(null, Object(Config\Cache), false)
 9 SYSTEMPATH\Boot.php(325): CodeIgniter\CodeIgniter->run()
10 SYSTEMPATH\Boot.php(67): CodeIgniter\Boot::runCodeIgniter(Object(CodeIgniter\CodeIgniter))
11 FCPATH\index.php(56): CodeIgniter\Boot::bootWeb(Object(Config\Paths))
12 SYSTEMPATH\rewrite.php(44): require_once('C:\\xampp\\htdocs\\gudang\\public\\index.php')
INFO - 2024-08-05 18:50:06 --> Session: Class initialized using 'CodeIgniter\Session\Handlers\FileHandler' driver.
INFO - 2024-08-05 18:50:26 --> Session: Class initialized using 'CodeIgniter\Session\Handlers\FileHandler' driver.
INFO - 2024-08-05 18:51:37 --> Session: Class initialized using 'CodeIgniter\Session\Handlers\FileHandler' driver.
INFO - 2024-08-05 18:51:49 --> Session: Class initialized using 'CodeIgniter\Session\Handlers\FileHandler' driver.
CRITICAL - 2024-08-05 18:51:49 --> ErrorException: Undefined array key "nama_satuan"
[Method: GET, Route: data-barang/detail/1]
in APPPATH\Views\barang\components\action\detail.php on line 77.
 1 APPPATH\Views\barang\components\action\detail.php(77): CodeIgniter\Debug\Exceptions->errorHandler(2, 'Undefined array key "nama_satuan"', 'C:\\xampp\\htdocs\\gudang\\app\\Views\\barang\\components\\action\\detail.php', 77)
 2 SYSTEMPATH\View\View.php(234): include('C:\\xampp\\htdocs\\gudang\\app\\Views\\barang\\components\\action\\detail.php')
 3 SYSTEMPATH\View\View.php(237): CodeIgniter\View\View->CodeIgniter\View\{closure}()
 4 SYSTEMPATH\Common.php(1171): CodeIgniter\View\View->render('barang/components/action/detail', [], true)
 5 APPPATH\Controllers\BarangController.php(132): view('barang/components/action/detail', [...])
 6 SYSTEMPATH\CodeIgniter.php(933): App\Controllers\BarangController->detail('1')
 7 SYSTEMPATH\CodeIgniter.php(509): CodeIgniter\CodeIgniter->runController(Object(App\Controllers\BarangController))
 8 SYSTEMPATH\CodeIgniter.php(355): CodeIgniter\CodeIgniter->handleRequest(null, Object(Config\Cache), false)
 9 SYSTEMPATH\Boot.php(325): CodeIgniter\CodeIgniter->run()
10 SYSTEMPATH\Boot.php(67): CodeIgniter\Boot::runCodeIgniter(Object(CodeIgniter\CodeIgniter))
11 FCPATH\index.php(56): CodeIgniter\Boot::bootWeb(Object(Config\Paths))
12 SYSTEMPATH\rewrite.php(44): require_once('C:\\xampp\\htdocs\\gudang\\public\\index.php')
INFO - 2024-08-05 18:51:58 --> Session: Class initialized using 'CodeIgniter\Session\Handlers\FileHandler' driver.
CRITICAL - 2024-08-05 18:51:58 --> ErrorException: Undefined array key "na_satuan"
[Method: GET, Route: data-barang/detail/1]
in APPPATH\Views\barang\components\action\detail.php on line 77.
 1 APPPATH\Views\barang\components\action\detail.php(77): CodeIgniter\Debug\Exceptions->errorHandler(2, 'Undefined array key "na_satuan"', 'C:\\xampp\\htdocs\\gudang\\app\\Views\\barang\\components\\action\\detail.php', 77)
 2 SYSTEMPATH\View\View.php(234): include('C:\\xampp\\htdocs\\gudang\\app\\Views\\barang\\components\\action\\detail.php')
 3 SYSTEMPATH\View\View.php(237): CodeIgniter\View\View->CodeIgniter\View\{closure}()
 4 SYSTEMPATH\Common.php(1171): CodeIgniter\View\View->render('barang/components/action/detail', [], true)
 5 APPPATH\Controllers\BarangController.php(132): view('barang/components/action/detail', [...])
 6 SYSTEMPATH\CodeIgniter.php(933): App\Controllers\BarangController->detail('1')
 7 SYSTEMPATH\CodeIgniter.php(509): CodeIgniter\CodeIgniter->runController(Object(App\Controllers\BarangController))
 8 SYSTEMPATH\CodeIgniter.php(355): CodeIgniter\CodeIgniter->handleRequest(null, Object(Config\Cache), false)
 9 SYSTEMPATH\Boot.php(325): CodeIgniter\CodeIgniter->run()
10 SYSTEMPATH\Boot.php(67): CodeIgniter\Boot::runCodeIgniter(Object(CodeIgniter\CodeIgniter))
11 FCPATH\index.php(56): CodeIgniter\Boot::bootWeb(Object(Config\Paths))
12 SYSTEMPATH\rewrite.php(44): require_once('C:\\xampp\\htdocs\\gudang\\public\\index.php')
INFO - 2024-08-05 18:52:09 --> Session: Class initialized using 'CodeIgniter\Session\Handlers\FileHandler' driver.
INFO - 2024-08-05 18:52:32 --> Session: Class initialized using 'CodeIgniter\Session\Handlers\FileHandler' driver.
INFO - 2024-08-05 18:52:43 --> Session: Class initialized using 'CodeIgniter\Session\Handlers\FileHandler' driver.
INFO - 2024-08-05 18:53:11 --> Session: Class initialized using 'CodeIgniter\Session\Handlers\FileHandler' driver.
INFO - 2024-08-05 18:53:23 --> Session: Class initialized using 'CodeIgniter\Session\Handlers\FileHandler' driver.
INFO - 2024-08-05 18:53:34 --> Session: Class initialized using 'CodeIgniter\Session\Handlers\FileHandler' driver.
INFO - 2024-08-05 18:53:48 --> Session: Class initialized using 'CodeIgniter\Session\Handlers\FileHandler' driver.
INFO - 2024-08-05 18:54:02 --> Session: Class initialized using 'CodeIgniter\Session\Handlers\FileHandler' driver.
INFO - 2024-08-05 18:54:37 --> Session: Class initialized using 'CodeIgniter\Session\Handlers\FileHandler' driver.
CRITICAL - 2024-08-05 18:54:37 --> ErrorException: Undefined array key "nama_satuan"
[Method: GET, Route: data-barang/detail/1]
in APPPATH\Views\barang\components\action\detail.php on line 77.
 1 APPPATH\Views\barang\components\action\detail.php(77): CodeIgniter\Debug\Exceptions->errorHandler(2, 'Undefined array key "nama_satuan"', 'C:\\xampp\\htdocs\\gudang\\app\\Views\\barang\\components\\action\\detail.php', 77)
 2 SYSTEMPATH\View\View.php(234): include('C:\\xampp\\htdocs\\gudang\\app\\Views\\barang\\components\\action\\detail.php')
 3 SYSTEMPATH\View\View.php(237): CodeIgniter\View\View->CodeIgniter\View\{closure}()
 4 SYSTEMPATH\Common.php(1171): CodeIgniter\View\View->render('barang/components/action/detail', [], true)
 5 APPPATH\Controllers\BarangController.php(132): view('barang/components/action/detail', [...])
 6 SYSTEMPATH\CodeIgniter.php(933): App\Controllers\BarangController->detail('1')
 7 SYSTEMPATH\CodeIgniter.php(509): CodeIgniter\CodeIgniter->runController(Object(App\Controllers\BarangController))
 8 SYSTEMPATH\CodeIgniter.php(355): CodeIgniter\CodeIgniter->handleRequest(null, Object(Config\Cache), false)
 9 SYSTEMPATH\Boot.php(325): CodeIgniter\CodeIgniter->run()
10 SYSTEMPATH\Boot.php(67): CodeIgniter\Boot::runCodeIgniter(Object(CodeIgniter\CodeIgniter))
11 FCPATH\index.php(56): CodeIgniter\Boot::bootWeb(Object(Config\Paths))
12 SYSTEMPATH\rewrite.php(44): require_once('C:\\xampp\\htdocs\\gudang\\public\\index.php')
INFO - 2024-08-05 18:55:56 --> Session: Class initialized using 'CodeIgniter\Session\Handlers\FileHandler' driver.
CRITICAL - 2024-08-05 18:55:56 --> ErrorException: Undefined array key "nama_satuan"
[Method: GET, Route: data-barang/detail/1]
in APPPATH\Views\barang\components\action\detail.php on line 77.
 1 APPPATH\Views\barang\components\action\detail.php(77): CodeIgniter\Debug\Exceptions->errorHandler(2, 'Undefined array key "nama_satuan"', 'C:\\xampp\\htdocs\\gudang\\app\\Views\\barang\\components\\action\\detail.php', 77)
 2 SYSTEMPATH\View\View.php(234): include('C:\\xampp\\htdocs\\gudang\\app\\Views\\barang\\components\\action\\detail.php')
 3 SYSTEMPATH\View\View.php(237): CodeIgniter\View\View->CodeIgniter\View\{closure}()
 4 SYSTEMPATH\Common.php(1171): CodeIgniter\View\View->render('barang/components/action/detail', [], true)
 5 APPPATH\Controllers\BarangController.php(132): view('barang/components/action/detail', [...])
 6 SYSTEMPATH\CodeIgniter.php(933): App\Controllers\BarangController->detail('1')
 7 SYSTEMPATH\CodeIgniter.php(509): CodeIgniter\CodeIgniter->runController(Object(App\Controllers\BarangController))
 8 SYSTEMPATH\CodeIgniter.php(355): CodeIgniter\CodeIgniter->handleRequest(null, Object(Config\Cache), false)
 9 SYSTEMPATH\Boot.php(325): CodeIgniter\CodeIgniter->run()
10 SYSTEMPATH\Boot.php(67): CodeIgniter\Boot::runCodeIgniter(Object(CodeIgniter\CodeIgniter))
11 FCPATH\index.php(56): CodeIgniter\Boot::bootWeb(Object(Config\Paths))
12 SYSTEMPATH\rewrite.php(44): require_once('C:\\xampp\\htdocs\\gudang\\public\\index.php')
INFO - 2024-08-05 18:56:11 --> Session: Class initialized using 'CodeIgniter\Session\Handlers\FileHandler' driver.
INFO - 2024-08-05 18:56:33 --> Session: Class initialized using 'CodeIgniter\Session\Handlers\FileHandler' driver.
