INFO - 2024-08-15 16:22:12 --> Session: Class initialized using 'CodeIgniter\Session\Handlers\FileHandler' driver.
INFO - 2024-08-15 16:28:20 --> Session: Class initialized using 'CodeIgniter\Session\Handlers\FileHandler' driver.
CRITICAL - 2024-08-15 16:42:58 --> CodeIgniter\View\Exceptions\ViewException: Invalid file: "transaksi-barang-masuk/components/action/detail.php"
[Method: GET, Route: transaksi-barang-masuk/detail/1]
in SYSTEMPATH\Exceptions\FrameworkException.php on line 41.
 1 SYSTEMPATH\View\View.php(222): CodeIgniter\Exceptions\FrameworkException::forInvalidFile('transaksi-barang-masuk/components/action/detail.php')
 2 SYSTEMPATH\Common.php(1171): CodeIgniter\View\View->render('transaksi-barang-masuk/components/action/detail', [], true)
 3 APPPATH\Controllers\TransaksiBarangMasuk.php(233): view('transaksi-barang-masuk/components/action/detail', [...])
 4 SYSTEMPATH\CodeIgniter.php(933): App\Controllers\TransaksiBarangMasuk->detail('1')
 5 SYSTEMPATH\CodeIgniter.php(509): CodeIgniter\CodeIgniter->runController(Object(App\Controllers\TransaksiBarangMasuk))
 6 SYSTEMPATH\CodeIgniter.php(355): CodeIgniter\CodeIgniter->handleRequest(null, Object(Config\Cache), false)
 7 SYSTEMPATH\Boot.php(325): CodeIgniter\CodeIgniter->run()
 8 SYSTEMPATH\Boot.php(67): CodeIgniter\Boot::runCodeIgniter(Object(CodeIgniter\CodeIgniter))
 9 FCPATH\index.php(56): CodeIgniter\Boot::bootWeb(Object(Config\Paths))
10 SYSTEMPATH\rewrite.php(44): require_once('C:\\xampp\\htdocs\\gudang\\public\\index.php')
CRITICAL - 2024-08-15 16:46:55 --> ErrorException: Undefined variable $jenisBarang
[Method: GET, Route: transaksi-barang-masuk/detail/TRX-IN-001-2024]
in APPPATH\Views\barang-masuk\components\action\detail.php on line 107.
 1 APPPATH\Views\barang-masuk\components\action\detail.php(107): CodeIgniter\Debug\Exceptions->errorHandler(2, 'Undefined variable $jenisBarang', 'C:\\xampp\\htdocs\\gudang\\app\\Views\\barang-masuk\\components\\action\\detail.php', 107)
 2 SYSTEMPATH\View\View.php(234): include('C:\\xampp\\htdocs\\gudang\\app\\Views\\barang-masuk\\components\\action\\detail.php')
 3 SYSTEMPATH\View\View.php(237): CodeIgniter\View\View->CodeIgniter\View\{closure}()
 4 SYSTEMPATH\Common.php(1171): CodeIgniter\View\View->render('barang-masuk/components/action/detail', [], true)
 5 APPPATH\Controllers\TransaksiBarangMasuk.php(244): view('barang-masuk/components/action/detail', [...])
 6 SYSTEMPATH\CodeIgniter.php(933): App\Controllers\TransaksiBarangMasuk->detail('TRX-IN-001-2024')
 7 SYSTEMPATH\CodeIgniter.php(509): CodeIgniter\CodeIgniter->runController(Object(App\Controllers\TransaksiBarangMasuk))
 8 SYSTEMPATH\CodeIgniter.php(355): CodeIgniter\CodeIgniter->handleRequest(null, Object(Config\Cache), false)
 9 SYSTEMPATH\Boot.php(325): CodeIgniter\CodeIgniter->run()
10 SYSTEMPATH\Boot.php(67): CodeIgniter\Boot::runCodeIgniter(Object(CodeIgniter\CodeIgniter))
11 FCPATH\index.php(56): CodeIgniter\Boot::bootWeb(Object(Config\Paths))
12 SYSTEMPATH\rewrite.php(44): require_once('C:\\xampp\\htdocs\\gudang\\public\\index.php')
INFO - 2024-08-15 16:47:41 --> Session: Class initialized using 'CodeIgniter\Session\Handlers\FileHandler' driver.
CRITICAL - 2024-08-15 16:48:08 --> ErrorException: Undefined variable $jenisBarang
[Method: GET, Route: transaksi-barang-masuk/detail/TRX-IN-001-2024]
in APPPATH\Views\barang-masuk\components\action\detail.php on line 107.
 1 APPPATH\Views\barang-masuk\components\action\detail.php(107): CodeIgniter\Debug\Exceptions->errorHandler(2, 'Undefined variable $jenisBarang', 'C:\\xampp\\htdocs\\gudang\\app\\Views\\barang-masuk\\components\\action\\detail.php', 107)
 2 SYSTEMPATH\View\View.php(234): include('C:\\xampp\\htdocs\\gudang\\app\\Views\\barang-masuk\\components\\action\\detail.php')
 3 SYSTEMPATH\View\View.php(237): CodeIgniter\View\View->CodeIgniter\View\{closure}()
 4 SYSTEMPATH\Common.php(1171): CodeIgniter\View\View->render('barang-masuk/components/action/detail', [], true)
 5 APPPATH\Controllers\TransaksiBarangMasuk.php(244): view('barang-masuk/components/action/detail', [...])
 6 SYSTEMPATH\CodeIgniter.php(933): App\Controllers\TransaksiBarangMasuk->detail('TRX-IN-001-2024')
 7 SYSTEMPATH\CodeIgniter.php(509): CodeIgniter\CodeIgniter->runController(Object(App\Controllers\TransaksiBarangMasuk))
 8 SYSTEMPATH\CodeIgniter.php(355): CodeIgniter\CodeIgniter->handleRequest(null, Object(Config\Cache), false)
 9 SYSTEMPATH\Boot.php(325): CodeIgniter\CodeIgniter->run()
10 SYSTEMPATH\Boot.php(67): CodeIgniter\Boot::runCodeIgniter(Object(CodeIgniter\CodeIgniter))
11 FCPATH\index.php(56): CodeIgniter\Boot::bootWeb(Object(Config\Paths))
12 SYSTEMPATH\rewrite.php(44): require_once('C:\\xampp\\htdocs\\gudang\\public\\index.php')
CRITICAL - 2024-08-15 16:48:27 --> ErrorException: Undefined variable $jenisBarang
[Method: GET, Route: transaksi-barang-masuk/detail/TRX-IN-001-2024]
in APPPATH\Views\barang-masuk\components\action\detail.php on line 107.
 1 APPPATH\Views\barang-masuk\components\action\detail.php(107): CodeIgniter\Debug\Exceptions->errorHandler(2, 'Undefined variable $jenisBarang', 'C:\\xampp\\htdocs\\gudang\\app\\Views\\barang-masuk\\components\\action\\detail.php', 107)
 2 SYSTEMPATH\View\View.php(234): include('C:\\xampp\\htdocs\\gudang\\app\\Views\\barang-masuk\\components\\action\\detail.php')
 3 SYSTEMPATH\View\View.php(237): CodeIgniter\View\View->CodeIgniter\View\{closure}()
 4 SYSTEMPATH\Common.php(1171): CodeIgniter\View\View->render('barang-masuk/components/action/detail', [], true)
 5 APPPATH\Controllers\TransaksiBarangMasuk.php(244): view('barang-masuk/components/action/detail', [...])
 6 SYSTEMPATH\CodeIgniter.php(933): App\Controllers\TransaksiBarangMasuk->detail('TRX-IN-001-2024')
 7 SYSTEMPATH\CodeIgniter.php(509): CodeIgniter\CodeIgniter->runController(Object(App\Controllers\TransaksiBarangMasuk))
 8 SYSTEMPATH\CodeIgniter.php(355): CodeIgniter\CodeIgniter->handleRequest(null, Object(Config\Cache), false)
 9 SYSTEMPATH\Boot.php(325): CodeIgniter\CodeIgniter->run()
10 SYSTEMPATH\Boot.php(67): CodeIgniter\Boot::runCodeIgniter(Object(CodeIgniter\CodeIgniter))
11 FCPATH\index.php(56): CodeIgniter\Boot::bootWeb(Object(Config\Paths))
12 SYSTEMPATH\rewrite.php(44): require_once('C:\\xampp\\htdocs\\gudang\\public\\index.php')
CRITICAL - 2024-08-15 16:48:30 --> ErrorException: Undefined variable $jenisBarang
[Method: GET, Route: transaksi-barang-masuk/detail/TRX-IN-001-2024]
in APPPATH\Views\barang-masuk\components\action\detail.php on line 107.
 1 APPPATH\Views\barang-masuk\components\action\detail.php(107): CodeIgniter\Debug\Exceptions->errorHandler(2, 'Undefined variable $jenisBarang', 'C:\\xampp\\htdocs\\gudang\\app\\Views\\barang-masuk\\components\\action\\detail.php', 107)
 2 SYSTEMPATH\View\View.php(234): include('C:\\xampp\\htdocs\\gudang\\app\\Views\\barang-masuk\\components\\action\\detail.php')
 3 SYSTEMPATH\View\View.php(237): CodeIgniter\View\View->CodeIgniter\View\{closure}()
 4 SYSTEMPATH\Common.php(1171): CodeIgniter\View\View->render('barang-masuk/components/action/detail', [], true)
 5 APPPATH\Controllers\TransaksiBarangMasuk.php(244): view('barang-masuk/components/action/detail', [...])
 6 SYSTEMPATH\CodeIgniter.php(933): App\Controllers\TransaksiBarangMasuk->detail('TRX-IN-001-2024')
 7 SYSTEMPATH\CodeIgniter.php(509): CodeIgniter\CodeIgniter->runController(Object(App\Controllers\TransaksiBarangMasuk))
 8 SYSTEMPATH\CodeIgniter.php(355): CodeIgniter\CodeIgniter->handleRequest(null, Object(Config\Cache), false)
 9 SYSTEMPATH\Boot.php(325): CodeIgniter\CodeIgniter->run()
10 SYSTEMPATH\Boot.php(67): CodeIgniter\Boot::runCodeIgniter(Object(CodeIgniter\CodeIgniter))
11 FCPATH\index.php(56): CodeIgniter\Boot::bootWeb(Object(Config\Paths))
12 SYSTEMPATH\rewrite.php(44): require_once('C:\\xampp\\htdocs\\gudang\\public\\index.php')
CRITICAL - 2024-08-15 16:52:45 --> ErrorException: Undefined variable $id
[Method: GET, Route: transaksi-barang-masuk/detail/TRX-IN-001-2024]
in APPPATH\Controllers\TransaksiBarangMasuk.php on line 229.
 1 APPPATH\Controllers\TransaksiBarangMasuk.php(229): CodeIgniter\Debug\Exceptions->errorHandler(2, 'Undefined variable $id', 'C:\\xampp\\htdocs\\gudang\\app\\Controllers\\TransaksiBarangMasuk.php', 229)
 2 SYSTEMPATH\CodeIgniter.php(933): App\Controllers\TransaksiBarangMasuk->detail('TRX-IN-001-2024')
 3 SYSTEMPATH\CodeIgniter.php(509): CodeIgniter\CodeIgniter->runController(Object(App\Controllers\TransaksiBarangMasuk))
 4 SYSTEMPATH\CodeIgniter.php(355): CodeIgniter\CodeIgniter->handleRequest(null, Object(Config\Cache), false)
 5 SYSTEMPATH\Boot.php(325): CodeIgniter\CodeIgniter->run()
 6 SYSTEMPATH\Boot.php(67): CodeIgniter\Boot::runCodeIgniter(Object(CodeIgniter\CodeIgniter))
 7 FCPATH\index.php(56): CodeIgniter\Boot::bootWeb(Object(Config\Paths))
 8 SYSTEMPATH\rewrite.php(44): require_once('C:\\xampp\\htdocs\\gudang\\public\\index.php')
INFO - 2024-08-15 16:54:21 --> Session: Class initialized using 'CodeIgniter\Session\Handlers\FileHandler' driver.
INFO - 2024-08-15 16:54:21 --> Session: Class initialized using 'CodeIgniter\Session\Handlers\FileHandler' driver.
INFO - 2024-08-15 16:54:29 --> Session: Class initialized using 'CodeIgniter\Session\Handlers\FileHandler' driver.
INFO - 2024-08-15 16:54:29 --> Session: Class initialized using 'CodeIgniter\Session\Handlers\FileHandler' driver.
INFO - 2024-08-15 16:54:34 --> Session: Class initialized using 'CodeIgniter\Session\Handlers\FileHandler' driver.
INFO - 2024-08-15 16:54:35 --> Session: Class initialized using 'CodeIgniter\Session\Handlers\FileHandler' driver.
INFO - 2024-08-15 16:55:08 --> Session: Class initialized using 'CodeIgniter\Session\Handlers\FileHandler' driver.
INFO - 2024-08-15 16:55:08 --> Session: Class initialized using 'CodeIgniter\Session\Handlers\FileHandler' driver.
INFO - 2024-08-15 16:55:14 --> Session: Class initialized using 'CodeIgniter\Session\Handlers\FileHandler' driver.
INFO - 2024-08-15 16:55:14 --> Session: Class initialized using 'CodeIgniter\Session\Handlers\FileHandler' driver.
INFO - 2024-08-15 16:55:34 --> Session: Class initialized using 'CodeIgniter\Session\Handlers\FileHandler' driver.
INFO - 2024-08-15 16:55:35 --> Session: Class initialized using 'CodeIgniter\Session\Handlers\FileHandler' driver.
INFO - 2024-08-15 16:56:09 --> Session: Class initialized using 'CodeIgniter\Session\Handlers\FileHandler' driver.
CRITICAL - 2024-08-15 16:56:09 --> ErrorException: Undefined array key "id"
[Method: GET, Route: transaksi-barang-masuk/edit/TRX-IN-001-2024]
in APPPATH\Views\barang-masuk\components\action\edit.php on line 50.
 1 APPPATH\Views\barang-masuk\components\action\edit.php(50): CodeIgniter\Debug\Exceptions->errorHandler(2, 'Undefined array key "id"', 'C:\\xampp\\htdocs\\gudang\\app\\Views\\barang-masuk\\components\\action\\edit.php', 50)
 2 SYSTEMPATH\View\View.php(234): include('C:\\xampp\\htdocs\\gudang\\app\\Views\\barang-masuk\\components\\action\\edit.php')
 3 SYSTEMPATH\View\View.php(237): CodeIgniter\View\View->CodeIgniter\View\{closure}()
 4 SYSTEMPATH\Common.php(1171): CodeIgniter\View\View->render('barang-masuk/components/action/edit', [], true)
 5 APPPATH\Controllers\TransaksiBarangMasuk.php(146): view('barang-masuk/components/action/edit', [...])
 6 SYSTEMPATH\CodeIgniter.php(933): App\Controllers\TransaksiBarangMasuk->edit('TRX-IN-001-2024')
 7 SYSTEMPATH\CodeIgniter.php(509): CodeIgniter\CodeIgniter->runController(Object(App\Controllers\TransaksiBarangMasuk))
 8 SYSTEMPATH\CodeIgniter.php(355): CodeIgniter\CodeIgniter->handleRequest(null, Object(Config\Cache), false)
 9 SYSTEMPATH\Boot.php(325): CodeIgniter\CodeIgniter->run()
10 SYSTEMPATH\Boot.php(67): CodeIgniter\Boot::runCodeIgniter(Object(CodeIgniter\CodeIgniter))
11 FCPATH\index.php(56): CodeIgniter\Boot::bootWeb(Object(Config\Paths))
12 SYSTEMPATH\rewrite.php(44): require_once('C:\\xampp\\htdocs\\gudang\\public\\index.php')
INFO - 2024-08-15 16:56:13 --> Session: Class initialized using 'CodeIgniter\Session\Handlers\FileHandler' driver.
INFO - 2024-08-15 16:56:13 --> Session: Class initialized using 'CodeIgniter\Session\Handlers\FileHandler' driver.
CRITICAL - 2024-08-15 16:56:39 --> ErrorException: Undefined array key "id_satuan"
[Method: GET, Route: transaksi-barang-masuk/detail/TRX-IN-001-2024]
in APPPATH\Controllers\TransaksiBarangMasuk.php on line 252.
 1 APPPATH\Controllers\TransaksiBarangMasuk.php(252): CodeIgniter\Debug\Exceptions->errorHandler(2, 'Undefined array key "id_satuan"', 'C:\\xampp\\htdocs\\gudang\\app\\Controllers\\TransaksiBarangMasuk.php', 252)
 2 SYSTEMPATH\CodeIgniter.php(933): App\Controllers\TransaksiBarangMasuk->detail('TRX-IN-001-2024')
 3 SYSTEMPATH\CodeIgniter.php(509): CodeIgniter\CodeIgniter->runController(Object(App\Controllers\TransaksiBarangMasuk))
 4 SYSTEMPATH\CodeIgniter.php(355): CodeIgniter\CodeIgniter->handleRequest(null, Object(Config\Cache), false)
 5 SYSTEMPATH\Boot.php(325): CodeIgniter\CodeIgniter->run()
 6 SYSTEMPATH\Boot.php(67): CodeIgniter\Boot::runCodeIgniter(Object(CodeIgniter\CodeIgniter))
 7 FCPATH\index.php(56): CodeIgniter\Boot::bootWeb(Object(Config\Paths))
 8 SYSTEMPATH\rewrite.php(44): require_once('C:\\xampp\\htdocs\\gudang\\public\\index.php')
INFO - 2024-08-15 16:58:40 --> Session: Class initialized using 'CodeIgniter\Session\Handlers\FileHandler' driver.
INFO - 2024-08-15 16:58:42 --> Session: Class initialized using 'CodeIgniter\Session\Handlers\FileHandler' driver.
INFO - 2024-08-15 16:58:48 --> Session: Class initialized using 'CodeIgniter\Session\Handlers\FileHandler' driver.
INFO - 2024-08-15 16:59:31 --> Session: Class initialized using 'CodeIgniter\Session\Handlers\FileHandler' driver.
INFO - 2024-08-15 16:59:32 --> Session: Class initialized using 'CodeIgniter\Session\Handlers\FileHandler' driver.
INFO - 2024-08-15 17:00:46 --> Session: Class initialized using 'CodeIgniter\Session\Handlers\FileHandler' driver.
INFO - 2024-08-15 17:00:47 --> Session: Class initialized using 'CodeIgniter\Session\Handlers\FileHandler' driver.
INFO - 2024-08-15 17:00:49 --> Session: Class initialized using 'CodeIgniter\Session\Handlers\FileHandler' driver.
INFO - 2024-08-15 17:01:27 --> Session: Class initialized using 'CodeIgniter\Session\Handlers\FileHandler' driver.
INFO - 2024-08-15 17:01:27 --> Session: Class initialized using 'CodeIgniter\Session\Handlers\FileHandler' driver.
INFO - 2024-08-15 17:01:28 --> Session: Class initialized using 'CodeIgniter\Session\Handlers\FileHandler' driver.
INFO - 2024-08-15 17:02:52 --> Session: Class initialized using 'CodeIgniter\Session\Handlers\FileHandler' driver.
INFO - 2024-08-15 17:02:54 --> Session: Class initialized using 'CodeIgniter\Session\Handlers\FileHandler' driver.
INFO - 2024-08-15 17:02:56 --> Session: Class initialized using 'CodeIgniter\Session\Handlers\FileHandler' driver.
INFO - 2024-08-15 17:02:57 --> Session: Class initialized using 'CodeIgniter\Session\Handlers\FileHandler' driver.
INFO - 2024-08-15 17:02:57 --> Session: Class initialized using 'CodeIgniter\Session\Handlers\FileHandler' driver.
INFO - 2024-08-15 17:03:22 --> Session: Class initialized using 'CodeIgniter\Session\Handlers\FileHandler' driver.
INFO - 2024-08-15 17:03:55 --> Session: Class initialized using 'CodeIgniter\Session\Handlers\FileHandler' driver.
CRITICAL - 2024-08-15 17:03:55 --> ErrorException: Undefined array key "id"
[Method: GET, Route: transaksi-barang-masuk/edit/TRX-IN-001-2024]
in APPPATH\Views\barang-masuk\components\action\edit.php on line 50.
 1 APPPATH\Views\barang-masuk\components\action\edit.php(50): CodeIgniter\Debug\Exceptions->errorHandler(2, 'Undefined array key "id"', 'C:\\xampp\\htdocs\\gudang\\app\\Views\\barang-masuk\\components\\action\\edit.php', 50)
 2 SYSTEMPATH\View\View.php(234): include('C:\\xampp\\htdocs\\gudang\\app\\Views\\barang-masuk\\components\\action\\edit.php')
 3 SYSTEMPATH\View\View.php(237): CodeIgniter\View\View->CodeIgniter\View\{closure}()
 4 SYSTEMPATH\Common.php(1171): CodeIgniter\View\View->render('barang-masuk/components/action/edit', [], true)
 5 APPPATH\Controllers\TransaksiBarangMasuk.php(146): view('barang-masuk/components/action/edit', [...])
 6 SYSTEMPATH\CodeIgniter.php(933): App\Controllers\TransaksiBarangMasuk->edit('TRX-IN-001-2024')
 7 SYSTEMPATH\CodeIgniter.php(509): CodeIgniter\CodeIgniter->runController(Object(App\Controllers\TransaksiBarangMasuk))
 8 SYSTEMPATH\CodeIgniter.php(355): CodeIgniter\CodeIgniter->handleRequest(null, Object(Config\Cache), false)
 9 SYSTEMPATH\Boot.php(325): CodeIgniter\CodeIgniter->run()
10 SYSTEMPATH\Boot.php(67): CodeIgniter\Boot::runCodeIgniter(Object(CodeIgniter\CodeIgniter))
11 FCPATH\index.php(56): CodeIgniter\Boot::bootWeb(Object(Config\Paths))
12 SYSTEMPATH\rewrite.php(44): require_once('C:\\xampp\\htdocs\\gudang\\public\\index.php')
INFO - 2024-08-15 17:03:59 --> Session: Class initialized using 'CodeIgniter\Session\Handlers\FileHandler' driver.
INFO - 2024-08-15 17:04:00 --> Session: Class initialized using 'CodeIgniter\Session\Handlers\FileHandler' driver.
INFO - 2024-08-15 17:05:01 --> Session: Class initialized using 'CodeIgniter\Session\Handlers\FileHandler' driver.
INFO - 2024-08-15 17:05:04 --> Session: Class initialized using 'CodeIgniter\Session\Handlers\FileHandler' driver.
INFO - 2024-08-15 17:05:06 --> Session: Class initialized using 'CodeIgniter\Session\Handlers\FileHandler' driver.
INFO - 2024-08-15 17:06:06 --> Session: Class initialized using 'CodeIgniter\Session\Handlers\FileHandler' driver.
INFO - 2024-08-15 17:06:10 --> Session: Class initialized using 'CodeIgniter\Session\Handlers\FileHandler' driver.
INFO - 2024-08-15 17:06:13 --> Session: Class initialized using 'CodeIgniter\Session\Handlers\FileHandler' driver.
INFO - 2024-08-15 17:06:14 --> Session: Class initialized using 'CodeIgniter\Session\Handlers\FileHandler' driver.
INFO - 2024-08-15 17:06:16 --> Session: Class initialized using 'CodeIgniter\Session\Handlers\FileHandler' driver.
CRITICAL - 2024-08-15 17:06:16 --> ErrorException: Undefined array key "id"
[Method: GET, Route: transaksi-barang-masuk/edit/TRX-IN-003-2024]
in APPPATH\Views\barang-masuk\components\action\edit.php on line 50.
 1 APPPATH\Views\barang-masuk\components\action\edit.php(50): CodeIgniter\Debug\Exceptions->errorHandler(2, 'Undefined array key "id"', 'C:\\xampp\\htdocs\\gudang\\app\\Views\\barang-masuk\\components\\action\\edit.php', 50)
 2 SYSTEMPATH\View\View.php(234): include('C:\\xampp\\htdocs\\gudang\\app\\Views\\barang-masuk\\components\\action\\edit.php')
 3 SYSTEMPATH\View\View.php(237): CodeIgniter\View\View->CodeIgniter\View\{closure}()
 4 SYSTEMPATH\Common.php(1171): CodeIgniter\View\View->render('barang-masuk/components/action/edit', [], true)
 5 APPPATH\Controllers\TransaksiBarangMasuk.php(146): view('barang-masuk/components/action/edit', [...])
 6 SYSTEMPATH\CodeIgniter.php(933): App\Controllers\TransaksiBarangMasuk->edit('TRX-IN-003-2024')
 7 SYSTEMPATH\CodeIgniter.php(509): CodeIgniter\CodeIgniter->runController(Object(App\Controllers\TransaksiBarangMasuk))
 8 SYSTEMPATH\CodeIgniter.php(355): CodeIgniter\CodeIgniter->handleRequest(null, Object(Config\Cache), false)
 9 SYSTEMPATH\Boot.php(325): CodeIgniter\CodeIgniter->run()
10 SYSTEMPATH\Boot.php(67): CodeIgniter\Boot::runCodeIgniter(Object(CodeIgniter\CodeIgniter))
11 FCPATH\index.php(56): CodeIgniter\Boot::bootWeb(Object(Config\Paths))
12 SYSTEMPATH\rewrite.php(44): require_once('C:\\xampp\\htdocs\\gudang\\public\\index.php')
INFO - 2024-08-15 17:06:20 --> Session: Class initialized using 'CodeIgniter\Session\Handlers\FileHandler' driver.
INFO - 2024-08-15 17:06:24 --> Session: Class initialized using 'CodeIgniter\Session\Handlers\FileHandler' driver.
